 WARNING: nu_mass_degeneracies ignored when share_delta_neff
 WARNING: nu_mass_degeneracies ignored when share_delta_neff
 WARNING: nu_mass_degeneracies ignored when share_delta_neff
 WARNING: nu_mass_degeneracies ignored when share_delta_neff
 WARNING: nu_mass_degeneracies ignored when share_delta_neff
 WARNING: nu_mass_degeneracies ignored when share_delta_neff
 WARNING: nu_mass_degeneracies ignored when share_delta_neff
 WARNING: nu_mass_degeneracies ignored when share_delta_neff
 WARNING: nu_mass_degeneracies ignored when share_delta_neff
 WARNING: nu_mass_degeneracies ignored when share_delta_neff
 WARNING: nu_mass_degeneracies ignored when share_delta_neff
 WARNING: nu_mass_degeneracies ignored when share_delta_neff
 WARNING: nu_mass_degeneracies ignored when share_delta_neff
 WARNING: nu_mass_degeneracies ignored when share_delta_neff
 WARNING: nu_mass_degeneracies ignored when share_delta_neff
 WARNING: nu_mass_degeneracies ignored when share_delta_neff
 WARNING: nu_mass_degeneracies ignored when share_delta_neff
 WARNING: nu_mass_degeneracies ignored when share_delta_neff
 WARNING: nu_mass_degeneracies ignored when share_delta_neff
 WARNING: nu_mass_degeneracies ignored when share_delta_neff
 WARNING: nu_mass_degeneracies ignored when share_delta_neff
 WARNING: nu_mass_degeneracies ignored when share_delta_neff
 WARNING: nu_mass_degeneracies ignored when share_delta_neff
 WARNING: nu_mass_degeneracies ignored when share_delta_neff
 WARNING: nu_mass_degeneracies ignored when share_delta_neff
 WARNING: nu_mass_degeneracies ignored when share_delta_neff
 WARNING: nu_mass_degeneracies ignored when share_delta_neff
 WARNING: nu_mass_degeneracies ignored when share_delta_neff
 WARNING: nu_mass_degeneracies ignored when share_delta_neff
 WARNING: nu_mass_degeneracies ignored when share_delta_neff
 WARNING: nu_mass_degeneracies ignored when share_delta_neff
 WARNING: nu_mass_degeneracies ignored when share_delta_neff
 WARNING: nu_mass_degeneracies ignored when share_delta_neff
 WARNING: nu_mass_degeneracies ignored when share_delta_neff
 WARNING: nu_mass_degeneracies ignored when share_delta_neff
 WARNING: nu_mass_degeneracies ignored when share_delta_neff
 WARNING: nu_mass_degeneracies ignored when share_delta_neff
 WARNING: nu_mass_degeneracies ignored when share_delta_neff
 WARNING: nu_mass_degeneracies ignored when share_delta_neff
 WARNING: nu_mass_degeneracies ignored when share_delta_neff
 WARNING: nu_mass_degeneracies ignored when share_delta_neff
 WARNING: nu_mass_degeneracies ignored when share_delta_neff
 WARNING: nu_mass_degeneracies ignored when share_delta_neff
 WARNING: nu_mass_degeneracies ignored when share_delta_neff
 WARNING: nu_mass_degeneracies ignored when share_delta_neff
 WARNING: nu_mass_degeneracies ignored when share_delta_neff
 WARNING: nu_mass_degeneracies ignored when share_delta_neff
 WARNING: nu_mass_degeneracies ignored when share_delta_neff
 WARNING: nu_mass_degeneracies ignored when share_delta_neff
 WARNING: nu_mass_degeneracies ignored when share_delta_neff
 WARNING: nu_mass_degeneracies ignored when share_delta_neff
 WARNING: nu_mass_degeneracies ignored when share_delta_neff
 WARNING: nu_mass_degeneracies ignored when share_delta_neff
 WARNING: nu_mass_degeneracies ignored when share_delta_neff
 WARNING: nu_mass_degeneracies ignored when share_delta_neff
 WARNING: nu_mass_degeneracies ignored when share_delta_neff
 WARNING: nu_mass_degeneracies ignored when share_delta_neff
 WARNING: nu_mass_degeneracies ignored when share_delta_neff
 WARNING: nu_mass_degeneracies ignored when share_delta_neff
 WARNING: nu_mass_degeneracies ignored when share_delta_neff
 WARNING: nu_mass_degeneracies ignored when share_delta_neff
 WARNING: nu_mass_degeneracies ignored when share_delta_neff
 WARNING: nu_mass_degeneracies ignored when share_delta_neff
 WARNING: nu_mass_degeneracies ignored when share_delta_neff
at z =  0.000 sigma8 (all matter) =  0.7963
at z =  0.000 sigma8^2_vd/sigma8  =  0.4083
at z =  0.000 sigma8 (all matter) =  0.7963
at z =  0.000 sigma8^2_vd/sigma8  =  0.4083
at z =  0.000 sigma8 (all matter) =  0.7963
at z =  0.000 sigma8^2_vd/sigma8  =  0.4083
srun: error: nid00716: task 58: Segmentation fault
srun: Terminating job step 13390142.0
at z =  0.000 sigma8 (all matter) =  0.7963
at z =  0.000 sigma8^2_vd/sigma8  =  0.4083
at z =  0.000 sigma8 (all matter) =  0.7963
at z =  0.000 sigma8^2_vd/sigma8  =  0.4083
at z =  0.000 sigma8 (all matter) =  0.7963
at z =  0.000 sigma8^2_vd/sigma8  =  0.4083
at z =  0.000 sigma8 (all matter) =  0.7963
at z =  0.000 sigma8^2_vd/sigma8  =  0.4083
at z =  0.000 sigma8 (all matter) =  0.7963
at z =  0.000 sigma8^2_vd/sigma8  =  0.4083
at z =  0.000 sigma8 (all matter) =  0.7963
at z =  0.000 sigma8^2_vd/sigma8  =  0.4083
at z =  0.000 sigma8 (all matter) =  0.7963
at z =  0.000 sigma8^2_vd/sigma8  =  0.4083
at z =  0.000 sigma8 (all matter) =  0.7963
at z =  0.000 sigma8^2_vd/sigma8  =  0.4083
at z =  0.000 sigma8 (all matter) =  0.7963
at z =  0.000 sigma8^2_vd/sigma8  =  0.4083
at z =  0.000 sigma8 (all matter) =  0.7963
at z =  0.000 sigma8^2_vd/sigma8  =  0.4083
at z =  0.000 sigma8 (all matter) =  0.7963
at z =  0.000 sigma8^2_vd/sigma8  =  0.4083
at z =  0.000 sigma8 (all matter) =  0.7963
at z =  0.000 sigma8^2_vd/sigma8  =  0.4083
at z =  0.000 sigma8 (all matter) =  0.7963
at z =  0.000 sigma8^2_vd/sigma8  =  0.4083
at z =  0.000 sigma8 (all matter) =  0.7963
at z =  0.000 sigma8^2_vd/sigma8  =  0.4083
at z =  0.000 sigma8 (all matter) =  0.7963
at z =  0.000 sigma8^2_vd/sigma8  =  0.4083
at z =  0.000 sigma8 (all matter) =  0.7963
at z =  0.000 sigma8^2_vd/sigma8  =  0.4083
at z =  0.000 sigma8 (all matter) =  0.7963
at z =  0.000 sigma8^2_vd/sigma8  =  0.4083
at z =  0.000 sigma8 (all matter) =  0.7963
at z =  0.000 sigma8^2_vd/sigma8  =  0.4083
at z =  0.000 sigma8 (all matter) =  0.7963
at z =  0.000 sigma8^2_vd/sigma8  =  0.4083
at z =  0.000 sigma8 (all matter) =  0.7963
at z =  0.000 sigma8^2_vd/sigma8  =  0.4083
at z =  0.000 sigma8 (all matter) =  0.7963
at z =  0.000 sigma8^2_vd/sigma8  =  0.4083
at z =  0.000 sigma8 (all matter) =  0.7963
at z =  0.000 sigma8^2_vd/sigma8  =  0.4083
at z =  0.000 sigma8 (all matter) =  0.7963
at z =  0.000 sigma8^2_vd/sigma8  =  0.4083
at z =  0.000 sigma8 (all matter) =  0.7963
at z =  0.000 sigma8^2_vd/sigma8  =  0.4083
at z =  0.000 sigma8 (all matter) =  0.7963
at z =  0.000 sigma8^2_vd/sigma8  =  0.4083
at z =  0.000 sigma8 (all matter) =  0.7963
at z =  0.000 sigma8^2_vd/sigma8  =  0.4083
at z =  0.000 sigma8 (all matter) =  0.7963
at z =  0.000 sigma8^2_vd/sigma8  =  0.4083
at z =  0.000 sigma8 (all matter) =  0.7963
at z =  0.000 sigma8^2_vd/sigma8  =  0.4083
at z =  0.000 sigma8 (all matter) =  0.7963
at z =  0.000 sigma8^2_vd/sigma8  =  0.4083
at z =  0.000 sigma8 (all matter) =  0.7963
at z =  0.000 sigma8^2_vd/sigma8  =  0.4083
at z =  0.000 sigma8 (all matter) =  0.7963
at z =  0.000 sigma8^2_vd/sigma8  =  0.4083
at z =  0.000 sigma8 (all matter) =  0.7963
at z =  0.000 sigma8^2_vd/sigma8  =  0.4083
at z =  0.000 sigma8 (all matter) =  0.7963
at z =  0.000 sigma8^2_vd/sigma8  =  0.4083
at z =  0.000 sigma8 (all matter) =  0.7963
at z =  0.000 sigma8^2_vd/sigma8  =  0.4083
at z =  0.000 sigma8 (all matter) =  0.7963
at z =  0.000 sigma8^2_vd/sigma8  =  0.4083
at z =  0.000 sigma8 (all matter) =  0.7963
at z =  0.000 sigma8^2_vd/sigma8  =  0.4083
at z =  0.000 sigma8 (all matter) =  0.7963
at z =  0.000 sigma8^2_vd/sigma8  =  0.4083
at z =  0.000 sigma8 (all matter) =  0.7963
at z =  0.000 sigma8^2_vd/sigma8  =  0.4083
at z =  0.000 sigma8 (all matter) =  0.7963
at z =  0.000 sigma8^2_vd/sigma8  =  0.4083
at z =  0.000 sigma8 (all matter) =  0.7963
at z =  0.000 sigma8^2_vd/sigma8  =  0.4083
at z =  0.000 sigma8 (all matter) =  0.7963
at z =  0.000 sigma8^2_vd/sigma8  =  0.4083
at z =  0.000 sigma8 (all matter) =  0.7963
at z =  0.000 sigma8^2_vd/sigma8  =  0.4083
at z =  0.000 sigma8 (all matter) =  0.7963
at z =  0.000 sigma8^2_vd/sigma8  =  0.4083
at z =  0.000 sigma8 (all matter) =  0.7963
at z =  0.000 sigma8^2_vd/sigma8  =  0.4083
at z =  0.000 sigma8 (all matter) =  0.7963
at z =  0.000 sigma8^2_vd/sigma8  =  0.4083
at z =  0.000 sigma8 (all matter) =  0.7963
at z =  0.000 sigma8^2_vd/sigma8  =  0.4083
at z =  0.000 sigma8 (all matter) =  0.7963
at z =  0.000 sigma8^2_vd/sigma8  =  0.4083
at z =  0.000 sigma8 (all matter) =  0.7963
at z =  0.000 sigma8^2_vd/sigma8  =  0.4083
at z =  0.000 sigma8 (all matter) =  0.7963
at z =  0.000 sigma8^2_vd/sigma8  =  0.4083
at z =  0.000 sigma8 (all matter) =  0.7963
at z =  0.000 sigma8^2_vd/sigma8  =  0.4083
at z =  0.000 sigma8 (all matter) =  0.7963
at z =  0.000 sigma8^2_vd/sigma8  =  0.4083
at z =  0.000 sigma8 (all matter) =  0.7963
at z =  0.000 sigma8^2_vd/sigma8  =  0.4083
at z =  0.000 sigma8 (all matter) =  0.7963
at z =  0.000 sigma8^2_vd/sigma8  =  0.4083
at z =  0.000 sigma8 (all matter) =  0.7963
at z =  0.000 sigma8^2_vd/sigma8  =  0.4083
at z =  0.000 sigma8 (all matter) =  0.7963
at z =  0.000 sigma8^2_vd/sigma8  =  0.4083
at z =  0.000 sigma8 (all matter) =  0.7963
at z =  0.000 sigma8^2_vd/sigma8  =  0.4083
at z =  0.000 sigma8 (all matter) =  0.7963
at z =  0.000 sigma8^2_vd/sigma8  =  0.4083
at z =  0.000 sigma8 (all matter) =  0.7963
at z =  0.000 sigma8^2_vd/sigma8  =  0.4083
at z =  0.000 sigma8 (all matter) =  0.7963
at z =  0.000 sigma8^2_vd/sigma8  =  0.4083
at z =  0.000 sigma8 (all matter) =  0.7963
at z =  0.000 sigma8^2_vd/sigma8  =  0.4083
at z =  0.000 sigma8 (all matter) =  0.7963
at z =  0.000 sigma8^2_vd/sigma8  =  0.4083
srun: error: nid00715: tasks 8,12,14-15,17-18,20,24: Segmentation fault
srun: error: nid00716: tasks 38-39,41,49-50,62-63: Segmentation fault
srun: error: nid00716: tasks 33,36-37,40,44,46-47,53-54,56,61: Segmentation fault
srun: error: nid00715: tasks 3,5-7,13,16,19,21,26-27,29,31: Segmentation fault
srun: error: nid00716: tasks 42,51-52,60: Segmentation fault
srun: error: nid00715: tasks 10-11,22-23,30: Segmentation fault
srun: error: nid00716: tasks 35,43,45,48,57: Segmentation fault
srun: error: nid00715: tasks 0-1,4,9,25,28: Segmentation fault
srun: error: nid00716: tasks 32,34,55,59: Segmentation fault
slurmstepd: error: *** STEP 13390142.0 ON nid00715 CANCELLED AT 2018-06-26T08:46:00 ***
srun: error: nid00715: task 2: Terminated
srun: Force Terminated job step 13390142.0
