 WARNING: nu_mass_degeneracies ignored when share_delta_neff
 WARNING: nu_mass_degeneracies ignored when share_delta_neff
 WARNING: nu_mass_degeneracies ignored when share_delta_neff
 WARNING: nu_mass_degeneracies ignored when share_delta_neff
 WARNING: nu_mass_degeneracies ignored when share_delta_neff
 WARNING: nu_mass_degeneracies ignored when share_delta_neff
 WARNING: nu_mass_degeneracies ignored when share_delta_neff
 WARNING: nu_mass_degeneracies ignored when share_delta_neff
 WARNING: nu_mass_degeneracies ignored when share_delta_neff
 WARNING: nu_mass_degeneracies ignored when share_delta_neff
 WARNING: nu_mass_degeneracies ignored when share_delta_neff
 WARNING: nu_mass_degeneracies ignored when share_delta_neff
 WARNING: nu_mass_degeneracies ignored when share_delta_neff
 WARNING: nu_mass_degeneracies ignored when share_delta_neff
 WARNING: nu_mass_degeneracies ignored when share_delta_neff
 WARNING: nu_mass_degeneracies ignored when share_delta_neff
 WARNING: nu_mass_degeneracies ignored when share_delta_neff
 WARNING: nu_mass_degeneracies ignored when share_delta_neff
 WARNING: nu_mass_degeneracies ignored when share_delta_neff
 WARNING: nu_mass_degeneracies ignored when share_delta_neff
 WARNING: nu_mass_degeneracies ignored when share_delta_neff
 WARNING: nu_mass_degeneracies ignored when share_delta_neff
 WARNING: nu_mass_degeneracies ignored when share_delta_neff
 WARNING: nu_mass_degeneracies ignored when share_delta_neff
 WARNING: nu_mass_degeneracies ignored when share_delta_neff
 WARNING: nu_mass_degeneracies ignored when share_delta_neff
 WARNING: nu_mass_degeneracies ignored when share_delta_neff
 WARNING: nu_mass_degeneracies ignored when share_delta_neff
 WARNING: nu_mass_degeneracies ignored when share_delta_neff
 WARNING: nu_mass_degeneracies ignored when share_delta_neff
 WARNING: nu_mass_degeneracies ignored when share_delta_neff
 WARNING: nu_mass_degeneracies ignored when share_delta_neff
 WARNING: nu_mass_degeneracies ignored when share_delta_neff
 WARNING: nu_mass_degeneracies ignored when share_delta_neff
 WARNING: nu_mass_degeneracies ignored when share_delta_neff
 WARNING: nu_mass_degeneracies ignored when share_delta_neff
 WARNING: nu_mass_degeneracies ignored when share_delta_neff
 WARNING: nu_mass_degeneracies ignored when share_delta_neff
 WARNING: nu_mass_degeneracies ignored when share_delta_neff
 WARNING: nu_mass_degeneracies ignored when share_delta_neff
 WARNING: nu_mass_degeneracies ignored when share_delta_neff
 WARNING: nu_mass_degeneracies ignored when share_delta_neff
 WARNING: nu_mass_degeneracies ignored when share_delta_neff
 WARNING: nu_mass_degeneracies ignored when share_delta_neff
 WARNING: nu_mass_degeneracies ignored when share_delta_neff
 WARNING: nu_mass_degeneracies ignored when share_delta_neff
 WARNING: nu_mass_degeneracies ignored when share_delta_neff
 WARNING: nu_mass_degeneracies ignored when share_delta_neff
 WARNING: nu_mass_degeneracies ignored when share_delta_neff
 WARNING: nu_mass_degeneracies ignored when share_delta_neff
 WARNING: nu_mass_degeneracies ignored when share_delta_neff
 WARNING: nu_mass_degeneracies ignored when share_delta_neff
 WARNING: nu_mass_degeneracies ignored when share_delta_neff
 WARNING: nu_mass_degeneracies ignored when share_delta_neff
 WARNING: nu_mass_degeneracies ignored when share_delta_neff
 WARNING: nu_mass_degeneracies ignored when share_delta_neff
 WARNING: nu_mass_degeneracies ignored when share_delta_neff
 WARNING: nu_mass_degeneracies ignored when share_delta_neff
 WARNING: nu_mass_degeneracies ignored when share_delta_neff
 WARNING: nu_mass_degeneracies ignored when share_delta_neff
 WARNING: nu_mass_degeneracies ignored when share_delta_neff
 WARNING: nu_mass_degeneracies ignored when share_delta_neff
 WARNING: nu_mass_degeneracies ignored when share_delta_neff
 WARNING: nu_mass_degeneracies ignored when share_delta_neff
at z =  0.000 sigma8 (all matter) =  0.7963
at z =  0.000 sigma8^2_vd/sigma8  =  0.4083
at z =  0.000 sigma8 (all matter) =  0.7963
at z =  0.000 sigma8^2_vd/sigma8  =  0.4083
at z =  0.000 sigma8 (all matter) =  0.7963
at z =  0.000 sigma8^2_vd/sigma8  =  0.4083
at z =  0.000 sigma8 (all matter) =  0.7963
at z =  0.000 sigma8^2_vd/sigma8  =  0.4083
at z =  0.000 sigma8 (all matter) =  0.7963
at z =  0.000 sigma8^2_vd/sigma8  =  0.4083
at z =  0.000 sigma8 (all matter) =  0.7963
at z =  0.000 sigma8^2_vd/sigma8  =  0.4083
at z =  0.000 sigma8 (all matter) =  0.7963
at z =  0.000 sigma8^2_vd/sigma8  =  0.4083
srun: error: nid00716: tasks 14,22,24: Segmentation fault
srun: Terminating job step 13391707.0
slurmstepd: error: *** STEP 13391707.0 ON nid00716 CANCELLED AT 2018-06-26T10:34:49 ***
forrtl: error (78): process killed (SIGTERM)
Image              PC                Routine            Line        Source             
camb               00000000004B368E  Unknown               Unknown  Unknown
camb               000000000068FA80  Unknown               Unknown  Unknown
camb               000000000068F6E1  Unknown               Unknown  Unknown
camb               00000000004C9FC5  Unknown               Unknown  Unknown
camb               00000000004CAE9E  Unknown               Unknown  Unknown
camb               00000000004E9FCE  Unknown               Unknown  Unknown
camb               000000000045DD6C  Unknown               Unknown  Unknown
camb               00000000004035CB  Unknown               Unknown  Unknown
camb               0000000000401B1E  Unknown               Unknown  Unknown
camb               0000000000690FA9  Unknown               Unknown  Unknown
camb               0000000000401A09  Unknown               Unknown  Unknown
forrtl: error (78): process killed (SIGTERM)
Image              PC                Routine            Line        Source             
camb               00000000004B368E  Unknown               Unknown  Unknown
camb               000000000068FA80  Unknown               Unknown  Unknown
camb               000000000068F6E1  Unknown               Unknown  Unknown
camb               00000000004C9FC5  Unknown               Unknown  Unknown
camb               00000000004CAE9E  Unknown               Unknown  Unknown
camb               00000000004E9FCE  Unknown               Unknown  Unknown
camb               000000000045DD6C  Unknown               Unknown  Unknown
camb               00000000004035CB  Unknown               Unknown  Unknown
camb               0000000000401B1E  Unknown               Unknown  Unknown
camb               0000000000690FA9  Unknown               Unknown  Unknown
camb               0000000000401A09  Unknown               Unknown  Unknown
forrtl: error (78): process killed (SIGTERM)
Image              PC                Routine            Line        Source             
camb               00000000004B368E  Unknown               Unknown  Unknown
camb               000000000068FA80  Unknown               Unknown  Unknown
camb               000000000068F6E1  Unknown               Unknown  Unknown
camb               00000000004C9FC5  Unknown               Unknown  Unknown
camb               00000000004CAE9E  Unknown               Unknown  Unknown
camb               00000000004E9FCE  Unknown               Unknown  Unknown
camb               000000000045DD6C  Unknown               Unknown  Unknown
camb               00000000004035CB  Unknown               Unknown  Unknown
camb               0000000000401B1E  Unknown               Unknown  Unknown
camb               0000000000690FA9  Unknown               Unknown  Unknown
camb               0000000000401A09  Unknown               Unknown  Unknown
forrtl: error (78): process killed (SIGTERM)
Image              PC                Routine            Line        Source             
camb               00000000004B368E  Unknown               Unknown  Unknown
camb               000000000068FA80  Unknown               Unknown  Unknown
camb               000000000068F7A1  Unknown               Unknown  Unknown
camb               00000000004AA1B0  Unknown               Unknown  Unknown
camb               00000000004A99E6  Unknown               Unknown  Unknown
camb               000000000045DDC1  Unknown               Unknown  Unknown
camb               00000000004035CB  Unknown               Unknown  Unknown
camb               0000000000401B1E  Unknown               Unknown  Unknown
camb               0000000000690FA9  Unknown               Unknown  Unknown
camb               0000000000401A09  Unknown               Unknown  Unknown
forrtl: error (78): process killed (SIGTERM)
Image              PC                Routine            Line        Source             
camb               00000000004B368E  Unknown               Unknown  Unknown
camb               000000000068FA80  Unknown               Unknown  Unknown
camb               000000000068F6E1  Unknown               Unknown  Unknown
camb               00000000004C9FC5  Unknown               Unknown  Unknown
camb               00000000004CAE9E  Unknown               Unknown  Unknown
camb               00000000004E9FCE  Unknown               Unknown  Unknown
camb               000000000045DD6C  Unknown               Unknown  Unknown
camb               00000000004035CB  Unknown               Unknown  Unknown
camb               0000000000401B1E  Unknown               Unknown  Unknown
camb               0000000000690FA9  Unknown               Unknown  Unknown
camb               0000000000401A09  Unknown               Unknown  Unknown
forrtl: error (78): process killed (SIGTERM)
Image              PC                Routine            Line        Source             
camb               00000000004B368E  Unknown               Unknown  Unknown
camb               000000000068FA80  Unknown               Unknown  Unknown
camb               000000000068F6E1  Unknown               Unknown  Unknown
camb               00000000004C9FC5  Unknown               Unknown  Unknown
camb               00000000004CAE9E  Unknown               Unknown  Unknown
camb               00000000004E9FCE  Unknown               Unknown  Unknown
camb               000000000045DD6C  Unknown               Unknown  Unknown
camb               00000000004035CB  Unknown               Unknown  Unknown
camb               0000000000401B1E  Unknown               Unknown  Unknown
camb               0000000000690FA9  Unknown               Unknown  Unknown
camb               0000000000401A09  Unknown               Unknown  Unknown
forrtl: error (78): process killed (SIGTERM)
Image              PC                Routine            Line        Source             
camb               00000000004B368E  Unknown               Unknown  Unknown
camb               000000000068FA80  Unknown               Unknown  Unknown
camb               000000000068F6E1  Unknown               Unknown  Unknown
camb               00000000004C9FC5  Unknown               Unknown  Unknown
camb               00000000004CAE9E  Unknown               Unknown  Unknown
camb               00000000004E9FCE  Unknown               Unknown  Unknown
camb               000000000045DD6C  Unknown               Unknown  Unknown
camb               00000000004035CB  Unknown               Unknown  Unknown
camb               0000000000401B1E  Unknown               Unknown  Unknown
camb               0000000000690FA9  Unknown               Unknown  Unknown
camb               0000000000401A09  Unknown               Unknown  Unknown
forrtl: error (78): process killed (SIGTERM)
Image              PC                Routine            Line        Source             
camb               00000000004B368E  Unknown               Unknown  Unknown
camb               000000000068FA80  Unknown               Unknown  Unknown
camb               000000000068F6E1  Unknown               Unknown  Unknown
camb               00000000004C9FC5  Unknown               Unknown  Unknown
camb               00000000004CAE9E  Unknown               Unknown  Unknown
camb               00000000004E9FCE  Unknown               Unknown  Unknown
camb               000000000045DD6C  Unknown               Unknown  Unknown
camb               00000000004035CB  Unknown               Unknown  Unknown
camb               0000000000401B1E  Unknown               Unknown  Unknown
camb               0000000000690FA9  Unknown               Unknown  Unknown
camb               0000000000401A09  Unknown               Unknown  Unknown
forrtl: error (78): process killed (SIGTERM)
Image              PC                Routine            Line        Source             
camb               00000000004B368E  Unknown               Unknown  Unknown
camb               000000000068FA80  Unknown               Unknown  Unknown
camb               000000000068F6E1  Unknown               Unknown  Unknown
camb               00000000004C9FC5  Unknown               Unknown  Unknown
camb               00000000004CAE9E  Unknown               Unknown  Unknown
camb               00000000004E9FCE  Unknown               Unknown  Unknown
camb               000000000045DD6C  Unknown               Unknown  Unknown
camb               00000000004035CB  Unknown               Unknown  Unknown
camb               0000000000401B1E  Unknown               Unknown  Unknown
camb               0000000000690FA9  Unknown               Unknown  Unknown
camb               0000000000401A09  Unknown               Unknown  Unknown
forrtl: error (78): process killed (SIGTERM)
Image              PC                Routine            Line        Source             
camb               00000000004B368E  Unknown               Unknown  Unknown
camb               000000000068FA80  Unknown               Unknown  Unknown
camb               000000000068F6E1  Unknown               Unknown  Unknown
camb               00000000004C9FC5  Unknown               Unknown  Unknown
camb               00000000004CAE9E  Unknown               Unknown  Unknown
camb               00000000004E9FCE  Unknown               Unknown  Unknown
camb               000000000045DD6C  Unknown               Unknown  Unknown
camb               00000000004035CB  Unknown               Unknown  Unknown
camb               0000000000401B1E  Unknown               Unknown  Unknown
camb               0000000000690FA9  Unknown               Unknown  Unknown
camb               0000000000401A09  Unknown               Unknown  Unknown
forrtl: error (78): process killed (SIGTERM)
Image              PC                Routine            Line        Source             
camb               00000000004B368E  Unknown               Unknown  Unknown
camb               000000000068FA80  Unknown               Unknown  Unknown
camb               000000000068F6E1  Unknown               Unknown  Unknown
camb               00000000004C9FC5  Unknown               Unknown  Unknown
camb               00000000004CAE9E  Unknown               Unknown  Unknown
camb               00000000004E9FCE  Unknown               Unknown  Unknown
camb               000000000045DD6C  Unknown               Unknown  Unknown
camb               00000000004035CB  Unknown               Unknown  Unknown
camb               0000000000401B1E  Unknown               Unknown  Unknown
camb               0000000000690FA9  Unknown               Unknown  Unknown
camb               0000000000401A09  Unknown               Unknown  Unknown
forrtl: error (78): process killed (SIGTERM)
Image              PC                Routine            Line        Source             
camb               00000000004B368E  Unknown               Unknown  Unknown
camb               000000000068FA80  Unknown               Unknown  Unknown
camb               000000000068F6E1  Unknown               Unknown  Unknown
camb               00000000004C9FC5  Unknown               Unknown  Unknown
camb               00000000004CAE9E  Unknown               Unknown  Unknown
camb               00000000004E9FCE  Unknown               Unknown  Unknown
camb               000000000045DD6C  Unknown               Unknown  Unknown
camb               00000000004035CB  Unknown               Unknown  Unknown
camb               0000000000401B1E  Unknown               Unknown  Unknown
camb               0000000000690FA9  Unknown               Unknown  Unknown
camb               0000000000401A09  Unknown               Unknown  Unknown
forrtl: error (78): process killed (SIGTERM)
Image              PC                Routine            Line        Source             
camb               00000000004B368E  Unknown               Unknown  Unknown
camb               000000000068FA80  Unknown               Unknown  Unknown
camb               000000000068F6E1  Unknown               Unknown  Unknown
camb               00000000004C9FC5  Unknown               Unknown  Unknown
camb               00000000004CAE9E  Unknown               Unknown  Unknown
camb               00000000004E9FCE  Unknown               Unknown  Unknown
camb               000000000045DD6C  Unknown               Unknown  Unknown
camb               00000000004035CB  Unknown               Unknown  Unknown
camb               0000000000401B1E  Unknown               Unknown  Unknown
camb               0000000000690FA9  Unknown               Unknown  Unknown
camb               0000000000401A09  Unknown               Unknown  Unknown
forrtl: error (78): process killed (SIGTERM)
Image              PC                Routine            Line        Source             
camb               00000000004B368E  Unknown               Unknown  Unknown
camb               000000000068FA80  Unknown               Unknown  Unknown
camb               000000000068F6E1  Unknown               Unknown  Unknown
camb               00000000004C9FC5  Unknown               Unknown  Unknown
camb               00000000004CAE9E  Unknown               Unknown  Unknown
camb               00000000004E9FCE  Unknown               Unknown  Unknown
camb               000000000045DD6C  Unknown               Unknown  Unknown
camb               00000000004035CB  Unknown               Unknown  Unknown
camb               0000000000401B1E  Unknown               Unknown  Unknown
camb               0000000000690FA9  Unknown               Unknown  Unknown
camb               0000000000401A09  Unknown               Unknown  Unknown
forrtl: error (78): process killed (SIGTERM)
Image              PC                Routine            Line        Source             
camb               00000000004B368E  Unknown               Unknown  Unknown
camb               000000000068FA80  Unknown               Unknown  Unknown
camb               000000000068F6E1  Unknown               Unknown  Unknown
camb               00000000004C9FC5  Unknown               Unknown  Unknown
camb               00000000004CAE9E  Unknown               Unknown  Unknown
camb               00000000004E9FCE  Unknown               Unknown  Unknown
camb               000000000045DD6C  Unknown               Unknown  Unknown
camb               00000000004035CB  Unknown               Unknown  Unknown
camb               0000000000401B1E  Unknown               Unknown  Unknown
camb               0000000000690FA9  Unknown               Unknown  Unknown
camb               0000000000401A09  Unknown               Unknown  Unknown
forrtl: error (78): process killed (SIGTERM)
Image              PC                Routine            Line        Source             
camb               00000000004B368E  Unknown               Unknown  Unknown
camb               000000000068FA80  Unknown               Unknown  Unknown
camb               000000000068F6E1  Unknown               Unknown  Unknown
camb               00000000004C9FC5  Unknown               Unknown  Unknown
camb               00000000004CAE9E  Unknown               Unknown  Unknown
camb               00000000004E9FCE  Unknown               Unknown  Unknown
camb               000000000045DD6C  Unknown               Unknown  Unknown
camb               00000000004035CB  Unknown               Unknown  Unknown
camb               0000000000401B1E  Unknown               Unknown  Unknown
camb               0000000000690FA9  Unknown               Unknown  Unknown
camb               0000000000401A09  Unknown               Unknown  Unknown
forrtl: error (78): process killed (SIGTERM)
Image              PC                Routine            Line        Source             
camb               00000000004B368E  Unknown               Unknown  Unknown
camb               000000000068FA80  Unknown               Unknown  Unknown
camb               000000000068F931  Unknown               Unknown  Unknown
camb               00000000004CAECE  Unknown               Unknown  Unknown
camb               00000000004E9FCE  Unknown               Unknown  Unknown
camb               0000000000467C7E  Unknown               Unknown  Unknown
camb               000000000045DB9D  Unknown               Unknown  Unknown
camb               00000000004035CB  Unknown               Unknown  Unknown
camb               0000000000401B1E  Unknown               Unknown  Unknown
camb               0000000000690FA9  Unknown               Unknown  Unknown
camb               0000000000401A09  Unknown               Unknown  Unknown
forrtl: error (78): process killed (SIGTERM)
Image              PC                Routine            Line        Source             
camb               00000000004B368E  Unknown               Unknown  Unknown
camb               000000000068FA80  Unknown               Unknown  Unknown
camb               000000000068F6E1  Unknown               Unknown  Unknown
camb               00000000004C9FC5  Unknown               Unknown  Unknown
camb               00000000004CAE9E  Unknown               Unknown  Unknown
camb               00000000004E9FCE  Unknown               Unknown  Unknown
camb               000000000045DD6C  Unknown               Unknown  Unknown
camb               00000000004035CB  Unknown               Unknown  Unknown
camb               0000000000401B1E  Unknown               Unknown  Unknown
camb               0000000000690FA9  Unknown               Unknown  Unknown
camb               0000000000401A09  Unknown               Unknown  Unknown
forrtl: error (78): process killed (SIGTERM)
Image              PC                Routine            Line        Source             
camb               00000000004B368E  Unknown               Unknown  Unknown
camb               000000000068FA80  Unknown               Unknown  Unknown
camb               000000000068F6E1  Unknown               Unknown  Unknown
camb               00000000004C9FC5  Unknown               Unknown  Unknown
camb               00000000004CAE9E  Unknown               Unknown  Unknown
camb               00000000004E9FCE  Unknown               Unknown  Unknown
camb               000000000045DD6C  Unknown               Unknown  Unknown
camb               00000000004035CB  Unknown               Unknown  Unknown
camb               0000000000401B1E  Unknown               Unknown  Unknown
camb               0000000000690FA9  Unknown               Unknown  Unknown
camb               0000000000401A09  Unknown               Unknown  Unknown
forrtl: error (78): process killed (SIGTERM)
Image              PC                Routine            Line        Source             
camb               00000000004B368E  Unknown               Unknown  Unknown
camb               000000000068FA80  Unknown               Unknown  Unknown
camb               000000000068F6E1  Unknown               Unknown  Unknown
camb               00000000004C9FC5  Unknown               Unknown  Unknown
camb               00000000004CAE9E  Unknown               Unknown  Unknown
camb               00000000004E9FCE  Unknown               Unknown  Unknown
camb               000000000045DD6C  Unknown               Unknown  Unknown
camb               00000000004035CB  Unknown               Unknown  Unknown
camb               0000000000401B1E  Unknown               Unknown  Unknown
camb               0000000000690FA9  Unknown               Unknown  Unknown
camb               0000000000401A09  Unknown               Unknown  Unknown
forrtl: error (78): process killed (SIGTERM)
Image              PC                Routine            Line        Source             
camb               00000000004B368E  Unknown               Unknown  Unknown
camb               000000000068FA80  Unknown               Unknown  Unknown
camb               000000000068F6E1  Unknown               Unknown  Unknown
camb               00000000004C9FC5  Unknown               Unknown  Unknown
camb               00000000004CAE9E  Unknown               Unknown  Unknown
camb               00000000004E9FCE  Unknown               Unknown  Unknown
camb               000000000045DD6C  Unknown               Unknown  Unknown
camb               00000000004035CB  Unknown               Unknown  Unknown
camb               0000000000401B1E  Unknown               Unknown  Unknown
camb               0000000000690FA9  Unknown               Unknown  Unknown
camb               0000000000401A09  Unknown               Unknown  Unknown
forrtl: error (78): process killed (SIGTERM)
Image              PC                Routine            Line        Source             
camb               00000000004B368E  Unknown               Unknown  Unknown
camb               000000000068FA80  Unknown               Unknown  Unknown
camb               000000000068F6E1  Unknown               Unknown  Unknown
camb               00000000004C9FC5  Unknown               Unknown  Unknown
camb               00000000004CAE9E  Unknown               Unknown  Unknown
camb               00000000004E9FCE  Unknown               Unknown  Unknown
camb               000000000045DD6C  Unknown               Unknown  Unknown
camb               00000000004035CB  Unknown               Unknown  Unknown
camb               0000000000401B1E  Unknown               Unknown  Unknown
camb               0000000000690FA9  Unknown               Unknown  Unknown
camb               0000000000401A09  Unknown               Unknown  Unknown
forrtl: error (78): process killed (SIGTERM)
Image              PC                Routine            Line        Source             
camb               00000000004B368E  Unknown               Unknown  Unknown
camb               000000000068FA80  Unknown               Unknown  Unknown
camb               000000000068F6E1  Unknown               Unknown  Unknown
camb               00000000004C9FC5  Unknown               Unknown  Unknown
camb               00000000004CAE9E  Unknown               Unknown  Unknown
camb               00000000004E9FCE  Unknown               Unknown  Unknown
camb               000000000045DD6C  Unknown               Unknown  Unknown
camb               00000000004035CB  Unknown               Unknown  Unknown
camb               0000000000401B1E  Unknown               Unknown  Unknown
camb               0000000000690FA9  Unknown               Unknown  Unknown
camb               0000000000401A09  Unknown               Unknown  Unknown
forrtl: error (78): process killed (SIGTERM)
Image              PC                Routine            Line        Source             
camb               00000000004B368E  Unknown               Unknown  Unknown
camb               000000000068FA80  Unknown               Unknown  Unknown
camb               000000000068F6E1  Unknown               Unknown  Unknown
camb               00000000004C9FC5  Unknown               Unknown  Unknown
camb               00000000004CAE9E  Unknown               Unknown  Unknown
camb               00000000004E9FCE  Unknown               Unknown  Unknown
camb               000000000045DD6C  Unknown               Unknown  Unknown
camb               00000000004035CB  Unknown               Unknown  Unknown
camb               0000000000401B1E  Unknown               Unknown  Unknown
camb               0000000000690FA9  Unknown               Unknown  Unknown
camb               0000000000401A09  Unknown               Unknown  Unknown
forrtl: error (78): process killed (SIGTERM)
Image              PC                Routine            Line        Source             
camb               00000000004B368E  Unknown               Unknown  Unknown
camb               000000000068FA80  Unknown               Unknown  Unknown
camb               000000000068F6E1  Unknown               Unknown  Unknown
camb               00000000004C9FC5  Unknown               Unknown  Unknown
camb               00000000004CAE9E  Unknown               Unknown  Unknown
camb               00000000004E9FCE  Unknown               Unknown  Unknown
camb               000000000045DD6C  Unknown               Unknown  Unknown
camb               00000000004035CB  Unknown               Unknown  Unknown
camb               0000000000401B1E  Unknown               Unknown  Unknown
camb               0000000000690FA9  Unknown               Unknown  Unknown
camb               0000000000401A09  Unknown               Unknown  Unknown
forrtl: error (78): process killed (SIGTERM)
Image              PC                Routine            Line        Source             
camb               00000000004B368E  Unknown               Unknown  Unknown
camb               000000000068FA80  Unknown               Unknown  Unknown
camb               000000000068F6E1  Unknown               Unknown  Unknown
camb               00000000004C9FC5  Unknown               Unknown  Unknown
camb               00000000004CAE9E  Unknown               Unknown  Unknown
camb               00000000004E9FCE  Unknown               Unknown  Unknown
camb               000000000045DD6C  Unknown               Unknown  Unknown
camb               00000000004035CB  Unknown               Unknown  Unknown
camb               0000000000401B1E  Unknown               Unknown  Unknown
camb               0000000000690FA9  Unknown               Unknown  Unknown
camb               0000000000401A09  Unknown               Unknown  Unknown
forrtl: error (78): process killed (SIGTERM)
Image              PC                Routine            Line        Source             
camb               00000000004B368E  Unknown               Unknown  Unknown
camb               000000000068FA80  Unknown               Unknown  Unknown
camb               000000000068F6E1  Unknown               Unknown  Unknown
camb               00000000004C9FC5  Unknown               Unknown  Unknown
camb               00000000004CAE9E  Unknown               Unknown  Unknown
camb               00000000004E9FCE  Unknown               Unknown  Unknown
camb               000000000045DD6C  Unknown               Unknown  Unknown
camb               00000000004035CB  Unknown               Unknown  Unknown
camb               0000000000401B1E  Unknown               Unknown  Unknown
camb               0000000000690FA9  Unknown               Unknown  Unknown
camb               0000000000401A09  Unknown               Unknown  Unknown
forrtl: error (78): process killed (SIGTERM)
Image              PC                Routine            Line        Source             
camb               00000000004B368E  Unknown               Unknown  Unknown
camb               000000000068FA80  Unknown               Unknown  Unknown
camb               000000000068F6E1  Unknown               Unknown  Unknown
camb               00000000004C9FC5  Unknown               Unknown  Unknown
camb               00000000004CAE9E  Unknown               Unknown  Unknown
camb               00000000004E9FCE  Unknown               Unknown  Unknown
camb               000000000045DD6C  Unknown               Unknown  Unknown
camb               00000000004035CB  Unknown               Unknown  Unknown
camb               0000000000401B1E  Unknown               Unknown  Unknown
camb               0000000000690FA9  Unknown               Unknown  Unknown
camb               0000000000401A09  Unknown               Unknown  Unknown
forrtl: error (78): process killed (SIGTERM)
Image              PC                Routine            Line        Source             
camb               00000000004B368E  Unknown               Unknown  Unknown
camb               000000000068FA80  Unknown               Unknown  Unknown
camb               000000000068F6E1  Unknown               Unknown  Unknown
camb               00000000004C9FC5  Unknown               Unknown  Unknown
camb               00000000004CAE9E  Unknown               Unknown  Unknown
camb               00000000004E9FCE  Unknown               Unknown  Unknown
camb               000000000045DD6C  Unknown               Unknown  Unknown
camb               00000000004035CB  Unknown               Unknown  Unknown
camb               0000000000401B1E  Unknown               Unknown  Unknown
camb               0000000000690FA9  Unknown               Unknown  Unknown
camb               0000000000401A09  Unknown               Unknown  Unknown
forrtl: error (78): process killed (SIGTERM)
Image              PC                Routine            Line        Source             
camb               00000000004B368E  Unknown               Unknown  Unknown
camb               000000000068FA80  Unknown               Unknown  Unknown
camb               000000000068F6E1  Unknown               Unknown  Unknown
camb               00000000004C9FC5  Unknown               Unknown  Unknown
camb               00000000004CAE9E  Unknown               Unknown  Unknown
camb               00000000004E9FCE  Unknown               Unknown  Unknown
camb               000000000045DD6C  Unknown               Unknown  Unknown
camb               00000000004035CB  Unknown               Unknown  Unknown
camb               0000000000401B1E  Unknown               Unknown  Unknown
camb               0000000000690FA9  Unknown               Unknown  Unknown
camb               0000000000401A09  Unknown               Unknown  Unknown
forrtl: error (78): process killed (SIGTERM)
Image              PC                Routine            Line        Source             
camb               00000000004B368E  Unknown               Unknown  Unknown
camb               000000000068FA80  Unknown               Unknown  Unknown
camb               000000000068F6E1  Unknown               Unknown  Unknown
camb               00000000004C9FC5  Unknown               Unknown  Unknown
camb               00000000004CAE9E  Unknown               Unknown  Unknown
camb               00000000004E9FCE  Unknown               Unknown  Unknown
camb               000000000045DD6C  Unknown               Unknown  Unknown
camb               00000000004035CB  Unknown               Unknown  Unknown
camb               0000000000401B1E  Unknown               Unknown  Unknown
camb               0000000000690FA9  Unknown               Unknown  Unknown
camb               0000000000401A09  Unknown               Unknown  Unknown
forrtl: error (78): process killed (SIGTERM)
Image              PC                Routine            Line        Source             
camb               00000000004B368E  Unknown               Unknown  Unknown
camb               000000000068FA80  Unknown               Unknown  Unknown
camb               000000000068F6E1  Unknown               Unknown  Unknown
camb               00000000004C9FC5  Unknown               Unknown  Unknown
camb               00000000004CAE9E  Unknown               Unknown  Unknown
camb               00000000004E9FCE  Unknown               Unknown  Unknown
camb               000000000045DD6C  Unknown               Unknown  Unknown
camb               00000000004035CB  Unknown               Unknown  Unknown
camb               0000000000401B1E  Unknown               Unknown  Unknown
camb               0000000000690FA9  Unknown               Unknown  Unknown
camb               0000000000401A09  Unknown               Unknown  Unknown
forrtl: error (78): process killed (SIGTERM)
Image              PC                Routine            Line        Source             
camb               00000000004B368E  Unknown               Unknown  Unknown
camb               000000000068FA80  Unknown               Unknown  Unknown
camb               000000000068F6E1  Unknown               Unknown  Unknown
camb               00000000004C9FC5  Unknown               Unknown  Unknown
camb               00000000004CAE9E  Unknown               Unknown  Unknown
camb               00000000004E9FCE  Unknown               Unknown  Unknown
camb               000000000045DD6C  Unknown               Unknown  Unknown
camb               00000000004035CB  Unknown               Unknown  Unknown
camb               0000000000401B1E  Unknown               Unknown  Unknown
camb               0000000000690FA9  Unknown               Unknown  Unknown
camb               0000000000401A09  Unknown               Unknown  Unknown
forrtl: error (78): process killed (SIGTERM)
Image              PC                Routine            Line        Source             
camb               00000000004B368E  Unknown               Unknown  Unknown
camb               000000000068FA80  Unknown               Unknown  Unknown
camb               000000000068F6E1  Unknown               Unknown  Unknown
camb               00000000004C9FC5  Unknown               Unknown  Unknown
camb               00000000004CAE9E  Unknown               Unknown  Unknown
camb               00000000004E9FCE  Unknown               Unknown  Unknown
camb               000000000045DD6C  Unknown               Unknown  Unknown
camb               00000000004035CB  Unknown               Unknown  Unknown
camb               0000000000401B1E  Unknown               Unknown  Unknown
camb               0000000000690FA9  Unknown               Unknown  Unknown
camb               0000000000401A09  Unknown               Unknown  Unknown
forrtl: error (78): process killed (SIGTERM)
Image              PC                Routine            Line        Source             
camb               00000000004B368E  Unknown               Unknown  Unknown
camb               000000000068FA80  Unknown               Unknown  Unknown
camb               000000000068F6E1  Unknown               Unknown  Unknown
camb               00000000004C9FC5  Unknown               Unknown  Unknown
camb               00000000004CAE9E  Unknown               Unknown  Unknown
camb               00000000004E9FCE  Unknown               Unknown  Unknown
camb               000000000045DD6C  Unknown               Unknown  Unknown
camb               00000000004035CB  Unknown               Unknown  Unknown
camb               0000000000401B1E  Unknown               Unknown  Unknown
camb               0000000000690FA9  Unknown               Unknown  Unknown
camb               0000000000401A09  Unknown               Unknown  Unknown
forrtl: error (78): process killed (SIGTERM)
Image              PC                Routine            Line        Source             
camb               00000000004B368E  Unknown               Unknown  Unknown
camb               000000000068FA80  Unknown               Unknown  Unknown
camb               000000000068F6E1  Unknown               Unknown  Unknown
camb               00000000004C9FC5  Unknown               Unknown  Unknown
camb               00000000004CAE9E  Unknown               Unknown  Unknown
camb               00000000004E9FCE  Unknown               Unknown  Unknown
camb               000000000045DD6C  Unknown               Unknown  Unknown
camb               00000000004035CB  Unknown               Unknown  Unknown
camb               0000000000401B1E  Unknown               Unknown  Unknown
camb               0000000000690FA9  Unknown               Unknown  Unknown
camb               0000000000401A09  Unknown               Unknown  Unknown
forrtl: error (78): process killed (SIGTERM)
Image              PC                Routine            Line        Source             
camb               00000000004B368E  Unknown               Unknown  Unknown
camb               000000000068FA80  Unknown               Unknown  Unknown
camb               000000000068F6E1  Unknown               Unknown  Unknown
camb               00000000004C9FC5  Unknown               Unknown  Unknown
camb               00000000004CAE9E  Unknown               Unknown  Unknown
camb               00000000004E9FCE  Unknown               Unknown  Unknown
camb               000000000045DD6C  Unknown               Unknown  Unknown
camb               00000000004035CB  Unknown               Unknown  Unknown
camb               0000000000401B1E  Unknown               Unknown  Unknown
camb               0000000000690FA9  Unknown               Unknown  Unknown
camb               0000000000401A09  Unknown               Unknown  Unknown
forrtl: error (78): process killed (SIGTERM)
Image              PC                Routine            Line        Source             
camb               00000000004B368E  Unknown               Unknown  Unknown
camb               000000000068FA80  Unknown               Unknown  Unknown
camb               000000000068F6E1  Unknown               Unknown  Unknown
camb               00000000004C9FC5  Unknown               Unknown  Unknown
camb               00000000004CAE9E  Unknown               Unknown  Unknown
camb               00000000004E9FCE  Unknown               Unknown  Unknown
camb               000000000045DD6C  Unknown               Unknown  Unknown
camb               00000000004035CB  Unknown               Unknown  Unknown
camb               0000000000401B1E  Unknown               Unknown  Unknown
camb               0000000000690FA9  Unknown               Unknown  Unknown
camb               0000000000401A09  Unknown               Unknown  Unknown
forrtl: error (78): process killed (SIGTERM)
Image              PC                Routine            Line        Source             
camb               00000000004B368E  Unknown               Unknown  Unknown
camb               000000000068FA80  Unknown               Unknown  Unknown
camb               000000000068F6E1  Unknown               Unknown  Unknown
camb               00000000004C9FC5  Unknown               Unknown  Unknown
camb               00000000004CAE9E  Unknown               Unknown  Unknown
camb               00000000004E9FCE  Unknown               Unknown  Unknown
camb               000000000045DD6C  Unknown               Unknown  Unknown
camb               00000000004035CB  Unknown               Unknown  Unknown
camb               0000000000401B1E  Unknown               Unknown  Unknown
camb               0000000000690FA9  Unknown               Unknown  Unknown
camb               0000000000401A09  Unknown               Unknown  Unknown
forrtl: error (78): process killed (SIGTERM)
Image              PC                Routine            Line        Source             
camb               00000000004B368E  Unknown               Unknown  Unknown
camb               000000000068FA80  Unknown               Unknown  Unknown
camb               000000000068F6E1  Unknown               Unknown  Unknown
camb               00000000004C9FC5  Unknown               Unknown  Unknown
camb               00000000004CAE9E  Unknown               Unknown  Unknown
camb               00000000004E9FCE  Unknown               Unknown  Unknown
camb               000000000045DD6C  Unknown               Unknown  Unknown
camb               00000000004035CB  Unknown               Unknown  Unknown
camb               0000000000401B1E  Unknown               Unknown  Unknown
camb               0000000000690FA9  Unknown               Unknown  Unknown
camb               0000000000401A09  Unknown               Unknown  Unknown
forrtl: error (78): process killed (SIGTERM)
Image              PC                Routine            Line        Source             
camb               00000000004B368E  Unknown               Unknown  Unknown
camb               000000000068FA80  Unknown               Unknown  Unknown
camb               000000000068F6E1  Unknown               Unknown  Unknown
camb               00000000004C9FC5  Unknown               Unknown  Unknown
camb               00000000004CAE9E  Unknown               Unknown  Unknown
camb               00000000004E9FCE  Unknown               Unknown  Unknown
camb               000000000045DD6C  Unknown               Unknown  Unknown
camb               00000000004035CB  Unknown               Unknown  Unknown
camb               0000000000401B1E  Unknown               Unknown  Unknown
camb               0000000000690FA9  Unknown               Unknown  Unknown
camb               0000000000401A09  Unknown               Unknown  Unknown
forrtl: error (78): process killed (SIGTERM)
Image              PC                Routine            Line        Source             
camb               00000000004B368E  Unknown               Unknown  Unknown
camb               000000000068FA80  Unknown               Unknown  Unknown
camb               000000000068F6E1  Unknown               Unknown  Unknown
camb               00000000004C9FC5  Unknown               Unknown  Unknown
camb               00000000004CAE9E  Unknown               Unknown  Unknown
camb               00000000004E9FCE  Unknown               Unknown  Unknown
camb               000000000045DD6C  Unknown               Unknown  Unknown
camb               00000000004035CB  Unknown               Unknown  Unknown
camb               0000000000401B1E  Unknown               Unknown  Unknown
camb               0000000000690FA9  Unknown               Unknown  Unknown
camb               0000000000401A09  Unknown               Unknown  Unknown
forrtl: error (78): process killed (SIGTERM)
Image              PC                Routine            Line        Source             
camb               00000000004B368E  Unknown               Unknown  Unknown
camb               000000000068FA80  Unknown               Unknown  Unknown
camb               000000000068F6E1  Unknown               Unknown  Unknown
camb               00000000004C9FC5  Unknown               Unknown  Unknown
camb               00000000004CAE9E  Unknown               Unknown  Unknown
camb               00000000004E9FCE  Unknown               Unknown  Unknown
camb               000000000045DD6C  Unknown               Unknown  Unknown
camb               00000000004035CB  Unknown               Unknown  Unknown
camb               0000000000401B1E  Unknown               Unknown  Unknown
camb               0000000000690FA9  Unknown               Unknown  Unknown
camb               0000000000401A09  Unknown               Unknown  Unknown
forrtl: error (78): process killed (SIGTERM)
Image              PC                Routine            Line        Source             
camb               00000000004B368E  Unknown               Unknown  Unknown
camb               000000000068FA80  Unknown               Unknown  Unknown
camb               000000000068F6E1  Unknown               Unknown  Unknown
camb               00000000004C9FC5  Unknown               Unknown  Unknown
camb               00000000004CAE9E  Unknown               Unknown  Unknown
camb               00000000004E9FCE  Unknown               Unknown  Unknown
camb               000000000045DD6C  Unknown               Unknown  Unknown
camb               00000000004035CB  Unknown               Unknown  Unknown
camb               0000000000401B1E  Unknown               Unknown  Unknown
camb               0000000000690FA9  Unknown               Unknown  Unknown
camb               0000000000401A09  Unknown               Unknown  Unknown
forrtl: error (78): process killed (SIGTERM)
Image              PC                Routine            Line        Source             
camb               00000000004B368E  Unknown               Unknown  Unknown
camb               000000000068FA80  Unknown               Unknown  Unknown
camb               000000000068F6E1  Unknown               Unknown  Unknown
camb               00000000004C9FC5  Unknown               Unknown  Unknown
camb               00000000004CAE9E  Unknown               Unknown  Unknown
camb               00000000004E9FCE  Unknown               Unknown  Unknown
camb               000000000045DD6C  Unknown               Unknown  Unknown
camb               00000000004035CB  Unknown               Unknown  Unknown
camb               0000000000401B1E  Unknown               Unknown  Unknown
camb               0000000000690FA9  Unknown               Unknown  Unknown
camb               0000000000401A09  Unknown               Unknown  Unknown
forrtl: error (78): process killed (SIGTERM)
Image              PC                Routine            Line        Source             
camb               00000000004B368E  Unknown               Unknown  Unknown
camb               000000000068FA80  Unknown               Unknown  Unknown
camb               000000000068F931  Unknown               Unknown  Unknown
camb               00000000004CAECE  Unknown               Unknown  Unknown
camb               00000000004E9FCE  Unknown               Unknown  Unknown
camb               0000000000467C7E  Unknown               Unknown  Unknown
camb               000000000045DB9D  Unknown               Unknown  Unknown
camb               00000000004035CB  Unknown               Unknown  Unknown
camb               0000000000401B1E  Unknown               Unknown  Unknown
camb               0000000000690FA9  Unknown               Unknown  Unknown
camb               0000000000401A09  Unknown               Unknown  Unknown
forrtl: error (78): process killed (SIGTERM)
Image              PC                Routine            Line        Source             
camb               00000000004B368E  Unknown               Unknown  Unknown
camb               000000000068FA80  Unknown               Unknown  Unknown
camb               000000000068F6E1  Unknown               Unknown  Unknown
camb               00000000004C9FC5  Unknown               Unknown  Unknown
camb               00000000004CAE9E  Unknown               Unknown  Unknown
camb               00000000004E9FCE  Unknown               Unknown  Unknown
camb               000000000045DD6C  Unknown               Unknown  Unknown
camb               00000000004035CB  Unknown               Unknown  Unknown
camb               0000000000401B1E  Unknown               Unknown  Unknown
camb               0000000000690FA9  Unknown               Unknown  Unknown
camb               0000000000401A09  Unknown               Unknown  Unknown
forrtl: error (78): process killed (SIGTERM)
Image              PC                Routine            Line        Source             
camb               00000000004B368E  Unknown               Unknown  Unknown
camb               000000000068FA80  Unknown               Unknown  Unknown
camb               000000000068F6E1  Unknown               Unknown  Unknown
camb               00000000004C9FC5  Unknown               Unknown  Unknown
camb               00000000004CAE9E  Unknown               Unknown  Unknown
camb               00000000004E9FCE  Unknown               Unknown  Unknown
camb               000000000045DD6C  Unknown               Unknown  Unknown
camb               00000000004035CB  Unknown               Unknown  Unknown
camb               0000000000401B1E  Unknown               Unknown  Unknown
camb               0000000000690FA9  Unknown               Unknown  Unknown
camb               0000000000401A09  Unknown               Unknown  Unknown
forrtl: error (78): process killed (SIGTERM)
Image              PC                Routine            Line        Source             
camb               00000000004B368E  Unknown               Unknown  Unknown
camb               000000000068FA80  Unknown               Unknown  Unknown
camb               000000000068F6E1  Unknown               Unknown  Unknown
camb               00000000004C9FC5  Unknown               Unknown  Unknown
camb               00000000004CAE9E  Unknown               Unknown  Unknown
camb               00000000004E9FCE  Unknown               Unknown  Unknown
camb               000000000045DD6C  Unknown               Unknown  Unknown
camb               00000000004035CB  Unknown               Unknown  Unknown
camb               0000000000401B1E  Unknown               Unknown  Unknown
camb               0000000000690FA9  Unknown               Unknown  Unknown
camb               0000000000401A09  Unknown               Unknown  Unknown
forrtl: error (78): process killed (SIGTERM)
Image              PC                Routine            Line        Source             
camb               00000000004B368E  Unknown               Unknown  Unknown
camb               000000000068FA80  Unknown               Unknown  Unknown
camb               000000000068F6E1  Unknown               Unknown  Unknown
camb               00000000004C9FC5  Unknown               Unknown  Unknown
camb               00000000004CAE9E  Unknown               Unknown  Unknown
camb               00000000004E9FCE  Unknown               Unknown  Unknown
camb               000000000045DD6C  Unknown               Unknown  Unknown
camb               00000000004035CB  Unknown               Unknown  Unknown
camb               0000000000401B1E  Unknown               Unknown  Unknown
camb               0000000000690FA9  Unknown               Unknown  Unknown
camb               0000000000401A09  Unknown               Unknown  Unknown
forrtl: error (78): process killed (SIGTERM)
Image              PC                Routine            Line        Source             
camb               00000000004B368E  Unknown               Unknown  Unknown
camb               000000000068FA80  Unknown               Unknown  Unknown
camb               000000000068F6E1  Unknown               Unknown  Unknown
camb               00000000004C9FC5  Unknown               Unknown  Unknown
camb               00000000004CAE9E  Unknown               Unknown  Unknown
camb               00000000004E9FCE  Unknown               Unknown  Unknown
camb               000000000045DD6C  Unknown               Unknown  Unknown
camb               00000000004035CB  Unknown               Unknown  Unknown
camb               0000000000401B1E  Unknown               Unknown  Unknown
camb               0000000000690FA9  Unknown               Unknown  Unknown
camb               0000000000401A09  Unknown               Unknown  Unknown
forrtl: error (78): process killed (SIGTERM)
Image              PC                Routine            Line        Source             
camb               00000000004B368E  Unknown               Unknown  Unknown
camb               000000000068FA80  Unknown               Unknown  Unknown
camb               000000000068F6E1  Unknown               Unknown  Unknown
camb               00000000004C9FC5  Unknown               Unknown  Unknown
camb               00000000004CAE9E  Unknown               Unknown  Unknown
camb               00000000004E9FCE  Unknown               Unknown  Unknown
camb               000000000045DD6C  Unknown               Unknown  Unknown
camb               00000000004035CB  Unknown               Unknown  Unknown
camb               0000000000401B1E  Unknown               Unknown  Unknown
camb               0000000000690FA9  Unknown               Unknown  Unknown
camb               0000000000401A09  Unknown               Unknown  Unknown
forrtl: error (78): process killed (SIGTERM)
Image              PC                Routine            Line        Source             
camb               00000000004B368E  Unknown               Unknown  Unknown
camb               000000000068FA80  Unknown               Unknown  Unknown
camb               000000000068F6E1  Unknown               Unknown  Unknown
camb               00000000004C9FC5  Unknown               Unknown  Unknown
camb               00000000004CAE9E  Unknown               Unknown  Unknown
camb               00000000004E9FCE  Unknown               Unknown  Unknown
camb               000000000045DD6C  Unknown               Unknown  Unknown
camb               00000000004035CB  Unknown               Unknown  Unknown
camb               0000000000401B1E  Unknown               Unknown  Unknown
camb               0000000000690FA9  Unknown               Unknown  Unknown
camb               0000000000401A09  Unknown               Unknown  Unknown
forrtl: error (78): process killed (SIGTERM)
Image              PC                Routine            Line        Source             
camb               00000000004B368E  Unknown               Unknown  Unknown
camb               000000000068FA80  Unknown               Unknown  Unknown
camb               000000000068F6E1  Unknown               Unknown  Unknown
camb               00000000004C9FC5  Unknown               Unknown  Unknown
camb               00000000004CAE9E  Unknown               Unknown  Unknown
camb               00000000004E9FCE  Unknown               Unknown  Unknown
camb               000000000045DD6C  Unknown               Unknown  Unknown
camb               00000000004035CB  Unknown               Unknown  Unknown
camb               0000000000401B1E  Unknown               Unknown  Unknown
camb               0000000000690FA9  Unknown               Unknown  Unknown
camb               0000000000401A09  Unknown               Unknown  Unknown
forrtl: error (78): process killed (SIGTERM)
Image              PC                Routine            Line        Source             
camb               00000000004B368E  Unknown               Unknown  Unknown
camb               000000000068FA80  Unknown               Unknown  Unknown
camb               000000000068F931  Unknown               Unknown  Unknown
camb               00000000004CAECE  Unknown               Unknown  Unknown
camb               00000000004E9FCE  Unknown               Unknown  Unknown
camb               0000000000467C7E  Unknown               Unknown  Unknown
camb               000000000045DB9D  Unknown               Unknown  Unknown
camb               00000000004035CB  Unknown               Unknown  Unknown
camb               0000000000401B1E  Unknown               Unknown  Unknown
camb               0000000000690FA9  Unknown               Unknown  Unknown
camb               0000000000401A09  Unknown               Unknown  Unknown
forrtl: error (78): process killed (SIGTERM)
Image              PC                Routine            Line        Source             
camb               00000000004B368E  Unknown               Unknown  Unknown
camb               000000000068FA80  Unknown               Unknown  Unknown
camb               000000000068F6E1  Unknown               Unknown  Unknown
camb               00000000004C9FC5  Unknown               Unknown  Unknown
camb               00000000004CAE9E  Unknown               Unknown  Unknown
camb               00000000004E9FCE  Unknown               Unknown  Unknown
camb               000000000045DD6C  Unknown               Unknown  Unknown
camb               00000000004035CB  Unknown               Unknown  Unknown
camb               0000000000401B1E  Unknown               Unknown  Unknown
camb               0000000000690FA9  Unknown               Unknown  Unknown
camb               0000000000401A09  Unknown               Unknown  Unknown
forrtl: error (78): process killed (SIGTERM)
Image              PC                Routine            Line        Source             
camb               00000000004B368E  Unknown               Unknown  Unknown
camb               000000000068FA80  Unknown               Unknown  Unknown
camb               000000000068F6E1  Unknown               Unknown  Unknown
camb               00000000004C9FC5  Unknown               Unknown  Unknown
camb               00000000004CAE9E  Unknown               Unknown  Unknown
camb               00000000004E9FCE  Unknown               Unknown  Unknown
camb               000000000045DD6C  Unknown               Unknown  Unknown
camb               00000000004035CB  Unknown               Unknown  Unknown
camb               0000000000401B1E  Unknown               Unknown  Unknown
camb               0000000000690FA9  Unknown               Unknown  Unknown
camb               0000000000401A09  Unknown               Unknown  Unknown
forrtl: severe (28): CLOSE error, unit -130, file "Unknown"
Image              PC                Routine            Line        Source             
camb               00000000004B0889  Unknown               Unknown  Unknown
camb               00000000004B36B6  Unknown               Unknown  Unknown
camb               000000000068FA80  Unknown               Unknown  Unknown
camb               000000000068F7A1  Unknown               Unknown  Unknown
camb               00000000004AA1B0  Unknown               Unknown  Unknown
camb               00000000004A99E6  Unknown               Unknown  Unknown
camb               000000000045DDC1  Unknown               Unknown  Unknown
camb               00000000004035CB  Unknown               Unknown  Unknown
camb               0000000000401B1E  Unknown               Unknown  Unknown
camb               0000000000690FA9  Unknown               Unknown  Unknown
camb               0000000000401A09  Unknown               Unknown  Unknown
srun: error: nid00716: tasks 0-13,15-21,23,25-31: Terminated
srun: error: nid00717: tasks 32-38,40,43-51,53-63: Terminated
srun: error: nid00717: tasks 39,41-42,52: Segmentation fault
srun: Force Terminated job step 13391707.0
