 WARNING: nu_mass_degeneracies ignored when share_delta_neff
 WARNING: nu_mass_degeneracies ignored when share_delta_neff
 WARNING: nu_mass_degeneracies ignored when share_delta_neff
 WARNING: nu_mass_degeneracies ignored when share_delta_neff
 WARNING: nu_mass_degeneracies ignored when share_delta_neff
 WARNING: nu_mass_degeneracies ignored when share_delta_neff
 WARNING: nu_mass_degeneracies ignored when share_delta_neff
 WARNING: nu_mass_degeneracies ignored when share_delta_neff
 WARNING: nu_mass_degeneracies ignored when share_delta_neff
 WARNING: nu_mass_degeneracies ignored when share_delta_neff
 WARNING: nu_mass_degeneracies ignored when share_delta_neff
 WARNING: nu_mass_degeneracies ignored when share_delta_neff
 WARNING: nu_mass_degeneracies ignored when share_delta_neff
 WARNING: nu_mass_degeneracies ignored when share_delta_neff
 WARNING: nu_mass_degeneracies ignored when share_delta_neff
 WARNING: nu_mass_degeneracies ignored when share_delta_neff
 WARNING: nu_mass_degeneracies ignored when share_delta_neff
 WARNING: nu_mass_degeneracies ignored when share_delta_neff
 WARNING: nu_mass_degeneracies ignored when share_delta_neff
 WARNING: nu_mass_degeneracies ignored when share_delta_neff
 WARNING: nu_mass_degeneracies ignored when share_delta_neff
 WARNING: nu_mass_degeneracies ignored when share_delta_neff
 WARNING: nu_mass_degeneracies ignored when share_delta_neff
 WARNING: nu_mass_degeneracies ignored when share_delta_neff
 WARNING: nu_mass_degeneracies ignored when share_delta_neff
 WARNING: nu_mass_degeneracies ignored when share_delta_neff
 WARNING: nu_mass_degeneracies ignored when share_delta_neff
 WARNING: nu_mass_degeneracies ignored when share_delta_neff
 WARNING: nu_mass_degeneracies ignored when share_delta_neff
 WARNING: nu_mass_degeneracies ignored when share_delta_neff
 WARNING: nu_mass_degeneracies ignored when share_delta_neff
 WARNING: nu_mass_degeneracies ignored when share_delta_neff
 WARNING: nu_mass_degeneracies ignored when share_delta_neff
 WARNING: nu_mass_degeneracies ignored when share_delta_neff
 WARNING: nu_mass_degeneracies ignored when share_delta_neff
 WARNING: nu_mass_degeneracies ignored when share_delta_neff
 WARNING: nu_mass_degeneracies ignored when share_delta_neff
 WARNING: nu_mass_degeneracies ignored when share_delta_neff
 WARNING: nu_mass_degeneracies ignored when share_delta_neff
 WARNING: nu_mass_degeneracies ignored when share_delta_neff
 WARNING: nu_mass_degeneracies ignored when share_delta_neff
 WARNING: nu_mass_degeneracies ignored when share_delta_neff
 WARNING: nu_mass_degeneracies ignored when share_delta_neff
 WARNING: nu_mass_degeneracies ignored when share_delta_neff
 WARNING: nu_mass_degeneracies ignored when share_delta_neff
 WARNING: nu_mass_degeneracies ignored when share_delta_neff
 WARNING: nu_mass_degeneracies ignored when share_delta_neff
 WARNING: nu_mass_degeneracies ignored when share_delta_neff
 WARNING: nu_mass_degeneracies ignored when share_delta_neff
 WARNING: nu_mass_degeneracies ignored when share_delta_neff
 WARNING: nu_mass_degeneracies ignored when share_delta_neff
 WARNING: nu_mass_degeneracies ignored when share_delta_neff
 WARNING: nu_mass_degeneracies ignored when share_delta_neff
 WARNING: nu_mass_degeneracies ignored when share_delta_neff
 WARNING: nu_mass_degeneracies ignored when share_delta_neff
 WARNING: nu_mass_degeneracies ignored when share_delta_neff
 WARNING: nu_mass_degeneracies ignored when share_delta_neff
 WARNING: nu_mass_degeneracies ignored when share_delta_neff
 WARNING: nu_mass_degeneracies ignored when share_delta_neff
 WARNING: nu_mass_degeneracies ignored when share_delta_neff
 WARNING: nu_mass_degeneracies ignored when share_delta_neff
 WARNING: nu_mass_degeneracies ignored when share_delta_neff
 WARNING: nu_mass_degeneracies ignored when share_delta_neff
 WARNING: nu_mass_degeneracies ignored when share_delta_neff
at z =  0.000 sigma8 (all matter) =  0.7963
at z =  0.000 sigma8^2_vd/sigma8  =  0.4083
at z =  0.000 sigma8 (all matter) =  0.7963
at z =  0.000 sigma8^2_vd/sigma8  =  0.4083
at z =  0.000 sigma8 (all matter) =  0.7963
at z =  0.000 sigma8^2_vd/sigma8  =  0.4083
at z =  0.000 sigma8 (all matter) =  0.7963
at z =  0.000 sigma8^2_vd/sigma8  =  0.4083
at z =  0.000 sigma8 (all matter) =  0.7963
at z =  0.000 sigma8^2_vd/sigma8  =  0.4083
at z =  0.000 sigma8 (all matter) =  0.7963
at z =  0.000 sigma8^2_vd/sigma8  =  0.4083
at z =  0.000 sigma8 (all matter) =  0.7963
at z =  0.000 sigma8^2_vd/sigma8  =  0.4083
at z =  0.000 sigma8 (all matter) =  0.7963
at z =  0.000 sigma8^2_vd/sigma8  =  0.4083
at z =  0.000 sigma8 (all matter) =  0.7963
at z =  0.000 sigma8^2_vd/sigma8  =  0.4083
srun: error: nid00700: tasks 9,21: Segmentation fault
srun: Terminating job step 13391267.0
at z =  0.000 sigma8 (all matter) =  0.7963
at z =  0.000 sigma8^2_vd/sigma8  =  0.4083
at z =  0.000 sigma8 (all matter) =  0.7963
at z =  0.000 sigma8^2_vd/sigma8  =  0.4083
at z =  0.000 sigma8 (all matter) =  0.7963
at z =  0.000 sigma8^2_vd/sigma8  =  0.4083
at z =  0.000 sigma8 (all matter) =  0.7963
at z =  0.000 sigma8^2_vd/sigma8  =  0.4083
at z =  0.000 sigma8 (all matter) =  0.7963
at z =  0.000 sigma8^2_vd/sigma8  =  0.4083
at z =  0.000 sigma8 (all matter) =  0.7963
at z =  0.000 sigma8^2_vd/sigma8  =  0.4083
at z =  0.000 sigma8 (all matter) =  0.7963
at z =  0.000 sigma8^2_vd/sigma8  =  0.4083
at z =  0.000 sigma8 (all matter) =  0.7963
at z =  0.000 sigma8^2_vd/sigma8  =  0.4083
at z =  0.000 sigma8 (all matter) =  0.7963
at z =  0.000 sigma8^2_vd/sigma8  =  0.4083
at z =  0.000 sigma8 (all matter) =  0.7963
at z =  0.000 sigma8^2_vd/sigma8  =  0.4083
at z =  0.000 sigma8 (all matter) =  0.7963
at z =  0.000 sigma8^2_vd/sigma8  =  0.4083
at z =  0.000 sigma8 (all matter) =  0.7963
at z =  0.000 sigma8^2_vd/sigma8  =  0.4083
at z =  0.000 sigma8 (all matter) =  0.7963
at z =  0.000 sigma8^2_vd/sigma8  =  0.4083
at z =  0.000 sigma8 (all matter) =  0.7963
at z =  0.000 sigma8^2_vd/sigma8  =  0.4083
at z =  0.000 sigma8 (all matter) =  0.7963
at z =  0.000 sigma8^2_vd/sigma8  =  0.4083
at z =  0.000 sigma8 (all matter) =  0.7963
at z =  0.000 sigma8^2_vd/sigma8  =  0.4083
at z =  0.000 sigma8 (all matter) =  0.7963
at z =  0.000 sigma8^2_vd/sigma8  =  0.4083
at z =  0.000 sigma8 (all matter) =  0.7963
at z =  0.000 sigma8^2_vd/sigma8  =  0.4083
at z =  0.000 sigma8 (all matter) =  0.7963
at z =  0.000 sigma8^2_vd/sigma8  =  0.4083
at z =  0.000 sigma8 (all matter) =  0.7963
at z =  0.000 sigma8^2_vd/sigma8  =  0.4083
at z =  0.000 sigma8 (all matter) =  0.7963
at z =  0.000 sigma8^2_vd/sigma8  =  0.4083
at z =  0.000 sigma8 (all matter) =  0.7963
at z =  0.000 sigma8^2_vd/sigma8  =  0.4083
at z =  0.000 sigma8 (all matter) =  0.7963
at z =  0.000 sigma8^2_vd/sigma8  =  0.4083
at z =  0.000 sigma8 (all matter) =  0.7963
at z =  0.000 sigma8^2_vd/sigma8  =  0.4083
at z =  0.000 sigma8 (all matter) =  0.7963
at z =  0.000 sigma8^2_vd/sigma8  =  0.4083
at z =  0.000 sigma8 (all matter) =  0.7963
at z =  0.000 sigma8^2_vd/sigma8  =  0.4083
at z =  0.000 sigma8 (all matter) =  0.7963
at z =  0.000 sigma8^2_vd/sigma8  =  0.4083
at z =  0.000 sigma8 (all matter) =  0.7963
at z =  0.000 sigma8^2_vd/sigma8  =  0.4083
at z =  0.000 sigma8 (all matter) =  0.7963
at z =  0.000 sigma8^2_vd/sigma8  =  0.4083
at z =  0.000 sigma8 (all matter) =  0.7963
at z =  0.000 sigma8^2_vd/sigma8  =  0.4083
at z =  0.000 sigma8 (all matter) =  0.7963
at z =  0.000 sigma8^2_vd/sigma8  =  0.4083
at z =  0.000 sigma8 (all matter) =  0.7963
at z =  0.000 sigma8^2_vd/sigma8  =  0.4083
at z =  0.000 sigma8 (all matter) =  0.7963
at z =  0.000 sigma8^2_vd/sigma8  =  0.4083
at z =  0.000 sigma8 (all matter) =  0.7963
at z =  0.000 sigma8^2_vd/sigma8  =  0.4083
at z =  0.000 sigma8 (all matter) =  0.7963
at z =  0.000 sigma8^2_vd/sigma8  =  0.4083
at z =  0.000 sigma8 (all matter) =  0.7963
at z =  0.000 sigma8^2_vd/sigma8  =  0.4083
at z =  0.000 sigma8 (all matter) =  0.7963
at z =  0.000 sigma8^2_vd/sigma8  =  0.4083
at z =  0.000 sigma8 (all matter) =  0.7963
at z =  0.000 sigma8^2_vd/sigma8  =  0.4083
at z =  0.000 sigma8 (all matter) =  0.7963
at z =  0.000 sigma8^2_vd/sigma8  =  0.4083
at z =  0.000 sigma8 (all matter) =  0.7963
at z =  0.000 sigma8^2_vd/sigma8  =  0.4083
at z =  0.000 sigma8 (all matter) =  0.7963
at z =  0.000 sigma8^2_vd/sigma8  =  0.4083
at z =  0.000 sigma8 (all matter) =  0.7963
at z =  0.000 sigma8^2_vd/sigma8  =  0.4083
at z =  0.000 sigma8 (all matter) =  0.7963
at z =  0.000 sigma8^2_vd/sigma8  =  0.4083
at z =  0.000 sigma8 (all matter) =  0.7963
at z =  0.000 sigma8^2_vd/sigma8  =  0.4083
at z =  0.000 sigma8 (all matter) =  0.7963
at z =  0.000 sigma8^2_vd/sigma8  =  0.4083
at z =  0.000 sigma8 (all matter) =  0.7963
at z =  0.000 sigma8^2_vd/sigma8  =  0.4083
at z =  0.000 sigma8 (all matter) =  0.7963
at z =  0.000 sigma8^2_vd/sigma8  =  0.4083
at z =  0.000 sigma8 (all matter) =  0.7963
at z =  0.000 sigma8^2_vd/sigma8  =  0.4083
at z =  0.000 sigma8 (all matter) =  0.7963
at z =  0.000 sigma8^2_vd/sigma8  =  0.4083
at z =  0.000 sigma8 (all matter) =  0.7963
at z =  0.000 sigma8^2_vd/sigma8  =  0.4083
at z =  0.000 sigma8 (all matter) =  0.7963
at z =  0.000 sigma8^2_vd/sigma8  =  0.4083
at z =  0.000 sigma8 (all matter) =  0.7963
at z =  0.000 sigma8^2_vd/sigma8  =  0.4083
at z =  0.000 sigma8 (all matter) =  0.7963
at z =  0.000 sigma8^2_vd/sigma8  =  0.4083
at z =  0.000 sigma8 (all matter) =  0.7963
at z =  0.000 sigma8^2_vd/sigma8  =  0.4083
at z =  0.000 sigma8 (all matter) =  0.7963
at z =  0.000 sigma8^2_vd/sigma8  =  0.4083
srun: error: nid00701: tasks 39-40,44,46,48,51-52,54-55,59-60,63: Segmentation fault
srun: error: nid00700: tasks 1-2,5,12-14,17,20,23-24,26,28-29,31: Segmentation fault
srun: error: nid00701: tasks 33-34,37,41,43,45,47,49,56,58,61: Segmentation fault
srun: error: nid00700: tasks 3,7-8,10,15-16,22,25,27,30: Segmentation fault
srun: error: nid00701: tasks 35,38,50,53,57,62: Segmentation fault
srun: error: nid00700: tasks 0,4,6,11,18: Segmentation fault
srun: error: nid00701: tasks 32,36,42: Segmentation fault
check point 1 passed
check point 2 passed
check point 3 passed
total line is 22
In matterpower (GSL tab), skipping 1 lines
The 0 th x is -4.000000 with k being 0.000100 
The 1 th x is -3.991315 with k being 0.000102 
The 2 th x is -3.982629 with k being 0.000104 
The 3 th x is -3.973941 with k being 0.000106 
The 4 th x is -3.965255 with k being 0.000108 
The 5 th x is -3.956571 with k being 0.000111 
The 6 th x is -3.947883 with k being 0.000113 
The 7 th x is -3.939200 with k being 0.000115 
The 8 th x is -3.930513 with k being 0.000117 
The 9 th x is -3.921826 with k being 0.000120 
The 10 th x is -3.913142 with k being 0.000122 
The 11 th x is -3.904454 with k being 0.000125 
The 12 th x is -3.895769 with k being 0.000127 
The 13 th x is -3.887083 with k being 0.000130 
The 14 th x is -3.878397 with k being 0.000132 
The 15 th x is -3.869711 with k being 0.000135 
The 16 th x is -3.861025 with k being 0.000138 
The 17 th x is -3.852339 with k being 0.000140 
The 18 th x is -3.843654 with k being 0.000143 
The 19 th x is -3.834969 with k being 0.000146 
The 20 th x is -3.826284 with k being 0.000149 
check point 4 passed
In matterpower (NR tab), skipping 1 lines
check point 5 passed
D(z=0)=0.999986, D(z=1)=0.612062, D(z=2)=0.421659
the raw sigma8 = 0.795843
growth_k0_new  = 0.779909
gsl: gamma.c:1385: ERROR: underflow
Default GSL error handler invoked.
srun: error: nid00700: task 19: Aborted
