 WARNING: nu_mass_degeneracies ignored when share_delta_neff
 WARNING: nu_mass_degeneracies ignored when share_delta_neff
 WARNING: nu_mass_degeneracies ignored when share_delta_neff
 WARNING: nu_mass_degeneracies ignored when share_delta_neff
 WARNING: nu_mass_degeneracies ignored when share_delta_neff
 WARNING: nu_mass_degeneracies ignored when share_delta_neff
 WARNING: nu_mass_degeneracies ignored when share_delta_neff
 WARNING: nu_mass_degeneracies ignored when share_delta_neff
 WARNING: nu_mass_degeneracies ignored when share_delta_neff
 WARNING: nu_mass_degeneracies ignored when share_delta_neff
 WARNING: nu_mass_degeneracies ignored when share_delta_neff
 WARNING: nu_mass_degeneracies ignored when share_delta_neff
 WARNING: nu_mass_degeneracies ignored when share_delta_neff
 WARNING: nu_mass_degeneracies ignored when share_delta_neff
 WARNING: nu_mass_degeneracies ignored when share_delta_neff
 WARNING: nu_mass_degeneracies ignored when share_delta_neff
 WARNING: nu_mass_degeneracies ignored when share_delta_neff
 WARNING: nu_mass_degeneracies ignored when share_delta_neff
 WARNING: nu_mass_degeneracies ignored when share_delta_neff
 WARNING: nu_mass_degeneracies ignored when share_delta_neff
 WARNING: nu_mass_degeneracies ignored when share_delta_neff
 WARNING: nu_mass_degeneracies ignored when share_delta_neff
 WARNING: nu_mass_degeneracies ignored when share_delta_neff
 WARNING: nu_mass_degeneracies ignored when share_delta_neff
 WARNING: nu_mass_degeneracies ignored when share_delta_neff
 WARNING: nu_mass_degeneracies ignored when share_delta_neff
 WARNING: nu_mass_degeneracies ignored when share_delta_neff
 WARNING: nu_mass_degeneracies ignored when share_delta_neff
 WARNING: nu_mass_degeneracies ignored when share_delta_neff
 WARNING: nu_mass_degeneracies ignored when share_delta_neff
 WARNING: nu_mass_degeneracies ignored when share_delta_neff
 WARNING: nu_mass_degeneracies ignored when share_delta_neff
 WARNING: nu_mass_degeneracies ignored when share_delta_neff
 WARNING: nu_mass_degeneracies ignored when share_delta_neff
 WARNING: nu_mass_degeneracies ignored when share_delta_neff
 WARNING: nu_mass_degeneracies ignored when share_delta_neff
 WARNING: nu_mass_degeneracies ignored when share_delta_neff
 WARNING: nu_mass_degeneracies ignored when share_delta_neff
 WARNING: nu_mass_degeneracies ignored when share_delta_neff
 WARNING: nu_mass_degeneracies ignored when share_delta_neff
 WARNING: nu_mass_degeneracies ignored when share_delta_neff
 WARNING: nu_mass_degeneracies ignored when share_delta_neff
 WARNING: nu_mass_degeneracies ignored when share_delta_neff
 WARNING: nu_mass_degeneracies ignored when share_delta_neff
 WARNING: nu_mass_degeneracies ignored when share_delta_neff
 WARNING: nu_mass_degeneracies ignored when share_delta_neff
 WARNING: nu_mass_degeneracies ignored when share_delta_neff
 WARNING: nu_mass_degeneracies ignored when share_delta_neff
 WARNING: nu_mass_degeneracies ignored when share_delta_neff
 WARNING: nu_mass_degeneracies ignored when share_delta_neff
 WARNING: nu_mass_degeneracies ignored when share_delta_neff
 WARNING: nu_mass_degeneracies ignored when share_delta_neff
 WARNING: nu_mass_degeneracies ignored when share_delta_neff
 WARNING: nu_mass_degeneracies ignored when share_delta_neff
 WARNING: nu_mass_degeneracies ignored when share_delta_neff
 WARNING: nu_mass_degeneracies ignored when share_delta_neff
 WARNING: nu_mass_degeneracies ignored when share_delta_neff
 WARNING: nu_mass_degeneracies ignored when share_delta_neff
 WARNING: nu_mass_degeneracies ignored when share_delta_neff
 WARNING: nu_mass_degeneracies ignored when share_delta_neff
 WARNING: nu_mass_degeneracies ignored when share_delta_neff
 WARNING: nu_mass_degeneracies ignored when share_delta_neff
 WARNING: nu_mass_degeneracies ignored when share_delta_neff
 WARNING: nu_mass_degeneracies ignored when share_delta_neff
at z =  0.000 sigma8 (all matter) =  0.7963
at z =  0.000 sigma8^2_vd/sigma8  =  0.4083
check point 1 passed
check point 2 passed
check point 3 passed
total line is 88
In matterpower (GSL tab), skipping 0 lines
The 0 th x is nan with k being -1.000000 
The 1 th x is nan with k being -1.000000 
The 2 th x is nan with k being -1.000000 
The 3 th x is nan with k being -1.000000 
The 4 th x is nan with k being -1.000000 
The 5 th x is nan with k being -1.000000 
The 6 th x is nan with k being -1.000000 
The 7 th x is nan with k being -1.000000 
The 8 th x is nan with k being -1.000000 
The 9 th x is nan with k being -1.000000 
The 10 th x is nan with k being -1.000000 
The 11 th x is nan with k being -1.000000 
The 12 th x is nan with k being -1.000000 
The 13 th x is nan with k being -1.000000 
The 14 th x is nan with k being -1.000000 
The 15 th x is nan with k being -1.000000 
The 16 th x is nan with k being -1.000000 
The 17 th x is nan with k being -1.000000 
The 18 th x is nan with k being -1.000000 
The 19 th x is nan with k being -1.000000 
The 20 th x is nan with k being -1.000000 
The 21 th x is nan with k being -1.000000 
The 22 th x is nan with k being -1.000000 
The 23 th x is nan with k being -1.000000 
The 24 th x is nan with k being -1.000000 
The 25 th x is nan with k being -1.000000 
The 26 th x is nan with k being -1.000000 
The 27 th x is nan with k being -1.000000 
The 28 th x is nan with k being -1.000000 
The 29 th x is nan with k being -1.000000 
The 30 th x is nan with k being -1.000000 
The 31 th x is nan with k being -1.000000 
The 32 th x is nan with k being -1.000000 
The 33 th x is nan with k being -1.000000 
The 34 th x is nan with k being -1.000000 
The 35 th x is nan with k being -1.000000 
The 36 th x is nan with k being -1.000000 
The 37 th x is nan with k being -1.000000 
The 38 th x is nan with k being -1.000000 
The 39 th x is nan with k being -1.000000 
The 40 th x is nan with k being -1.000000 
The 41 th x is nan with k being -1.000000 
The 42 th x is nan with k being -1.000000 
The 43 th x is nan with k being -1.000000 
The 44 th x is nan with k being -1.000000 
The 45 th x is nan with k being -1.000000 
The 46 th x is nan with k being -1.000000 
The 47 th x is nan with k being -1.000000 
The 48 th x is nan with k being -1.000000 
The 49 th x is nan with k being -1.000000 
The 50 th x is nan with k being -1.000000 
The 51 th x is nan with k being -1.000000 
The 52 th x is nan with k being -1.000000 
The 53 th x is nan with k being -1.000000 
The 54 th x is nan with k being -1.000000 
The 55 th x is nan with k being -1.000000 
The 56 th x is nan with k being -1.000000 
The 57 th x is nan with k being -1.000000 
The 58 th x is nan with k being -1.000000 
The 59 th x is nan with k being -1.000000 
The 60 th x is nan with k being -1.000000 
The 61 th x is nan with k being -1.000000 
The 62 th x is nan with k being -1.000000 
The 63 th x is nan with k being -1.000000 
The 64 th x is nan with k being -1.000000 
The 65 th x is nan with k being -1.000000 
The 66 th x is nan with k being -1.000000 
The 67 th x is nan with k being -1.000000 
The 68 th x is nan with k being -1.000000 
The 69 th x is nan with k being -1.000000 
The 70 th x is nan with k being -1.000000 
The 71 th x is nan with k being -1.000000 
The 72 th x is nan with k being -1.000000 
The 73 th x is nan with k being -1.000000 
The 74 th x is nan with k being -1.000000 
The 75 th x is nan with k being -1.000000 
The 76 th x is nan with k being -1.000000 
The 77 th x is nan with k being -1.000000 
The 78 th x is nan with k being -1.000000 
The 79 th x is nan with k being -1.000000 
The 80 th x is nan with k being -1.000000 
The 81 th x is nan with k being -1.000000 
The 82 th x is nan with k being -1.000000 
The 83 th x is nan with k being -1.000000 
The 84 th x is nan with k being -1.000000 
The 85 th x is nan with k being -1.000000 
The 86 th x is nan with k being -1.000000 
The 87 th x is nan with k being -1.000000 
gsl: interp.c:83: ERROR: x values must be strictly increasing
Default GSL error handler invoked.
at z =  0.000 sigma8 (all matter) =  0.7963
at z =  0.000 sigma8^2_vd/sigma8  =  0.4083
srun: error: nid00703: task 6: Aborted
srun: Terminating job step 13391334.0
at z =  0.000 sigma8 (all matter) =  0.7963
at z =  0.000 sigma8^2_vd/sigma8  =  0.4083
at z =  0.000 sigma8 (all matter) =  0.7963
at z =  0.000 sigma8^2_vd/sigma8  =  0.4083
at z =  0.000 sigma8 (all matter) =  0.7963
at z =  0.000 sigma8^2_vd/sigma8  =  0.4083
at z =  0.000 sigma8 (all matter) =  0.7963
at z =  0.000 sigma8^2_vd/sigma8  =  0.4083
at z =  0.000 sigma8 (all matter) =  0.7963
at z =  0.000 sigma8^2_vd/sigma8  =  0.4083
at z =  0.000 sigma8 (all matter) =  0.7963
at z =  0.000 sigma8^2_vd/sigma8  =  0.4083
srun: error: nid00715: tasks 33,37-38,46,48: Segmentation fault
at z =  0.000 sigma8 (all matter) =  0.7963
at z =  0.000 sigma8^2_vd/sigma8  =  0.4083
srun: error: nid00703: tasks 29,31: Segmentation fault
at z =  0.000 sigma8 (all matter) =  0.7963
at z =  0.000 sigma8^2_vd/sigma8  =  0.4083
slurmstepd: error: *** STEP 13391334.0 ON nid00703 CANCELLED AT 2018-06-26T10:05:06 ***
forrtl: error (78): process killed (SIGTERM)
Image              PC                Routine            Line        Source             
camb               00000000004B368E  Unknown               Unknown  Unknown
camb               000000000068FA80  Unknown               Unknown  Unknown
camb               000000000068F6E1  Unknown               Unknown  Unknown
camb               00000000004C9FC5  Unknown               Unknown  Unknown
camb               00000000004CAE9E  Unknown               Unknown  Unknown
camb               00000000004E9FCE  Unknown               Unknown  Unknown
camb               000000000045DD6C  Unknown               Unknown  Unknown
camb               00000000004035CB  Unknown               Unknown  Unknown
camb               0000000000401B1E  Unknown               Unknown  Unknown
camb               0000000000690FA9  Unknown               Unknown  Unknown
camb               0000000000401A09  Unknown               Unknown  Unknown
forrtl: error (78): process killed (SIGTERM)
Image              PC                Routine            Line        Source             
camb               00000000004B368E  Unknown               Unknown  Unknown
camb               000000000068FA80  Unknown               Unknown  Unknown
camb               000000000068F6E1  Unknown               Unknown  Unknown
camb               00000000004C9FC5  Unknown               Unknown  Unknown
camb               00000000004CAE9E  Unknown               Unknown  Unknown
camb               00000000004E9FCE  Unknown               Unknown  Unknown
camb               000000000045DD6C  Unknown               Unknown  Unknown
camb               00000000004035CB  Unknown               Unknown  Unknown
camb               0000000000401B1E  Unknown               Unknown  Unknown
camb               0000000000690FA9  Unknown               Unknown  Unknown
camb               0000000000401A09  Unknown               Unknown  Unknown
forrtl: error (78): process killed (SIGTERM)
Image              PC                Routine            Line        Source             
camb               00000000004B368E  Unknown               Unknown  Unknown
camb               000000000068FA80  Unknown               Unknown  Unknown
camb               000000000068F6E1  Unknown               Unknown  Unknown
camb               00000000004C9FC5  Unknown               Unknown  Unknown
camb               00000000004CAE9E  Unknown               Unknown  Unknown
camb               00000000004E9FCE  Unknown               Unknown  Unknown
camb               000000000045DD6C  Unknown               Unknown  Unknown
camb               00000000004035CB  Unknown               Unknown  Unknown
camb               0000000000401B1E  Unknown               Unknown  Unknown
camb               0000000000690FA9  Unknown               Unknown  Unknown
camb               0000000000401A09  Unknown               Unknown  Unknown
forrtl: error (78): process killed (SIGTERM)
Image              PC                Routine            Line        Source             
camb               00000000004B368E  Unknown               Unknown  Unknown
camb               000000000068FA80  Unknown               Unknown  Unknown
camb               000000000068F6E1  Unknown               Unknown  Unknown
camb               00000000004C9FC5  Unknown               Unknown  Unknown
camb               00000000004CAE9E  Unknown               Unknown  Unknown
camb               00000000004E9FCE  Unknown               Unknown  Unknown
camb               000000000045DD6C  Unknown               Unknown  Unknown
camb               00000000004035CB  Unknown               Unknown  Unknown
camb               0000000000401B1E  Unknown               Unknown  Unknown
camb               0000000000690FA9  Unknown               Unknown  Unknown
camb               0000000000401A09  Unknown               Unknown  Unknown
forrtl: error (78): process killed (SIGTERM)
Image              PC                Routine            Line        Source             
camb               00000000004B368E  Unknown               Unknown  Unknown
camb               000000000068FA80  Unknown               Unknown  Unknown
camb               000000000068F6E1  Unknown               Unknown  Unknown
camb               00000000004C9FC5  Unknown               Unknown  Unknown
camb               00000000004CAE9E  Unknown               Unknown  Unknown
camb               00000000004E9FCE  Unknown               Unknown  Unknown
camb               000000000045DD6C  Unknown               Unknown  Unknown
camb               00000000004035CB  Unknown               Unknown  Unknown
camb               0000000000401B1E  Unknown               Unknown  Unknown
camb               0000000000690FA9  Unknown               Unknown  Unknown
camb               0000000000401A09  Unknown               Unknown  Unknown
forrtl: error (78): process killed (SIGTERM)
Image              PC                Routine            Line        Source             
camb               00000000004B368E  Unknown               Unknown  Unknown
camb               000000000068FA80  Unknown               Unknown  Unknown
camb               000000000068F6E1  Unknown               Unknown  Unknown
camb               00000000004C9FC5  Unknown               Unknown  Unknown
camb               00000000004CAE9E  Unknown               Unknown  Unknown
camb               00000000004E9FCE  Unknown               Unknown  Unknown
camb               000000000045DD6C  Unknown               Unknown  Unknown
camb               00000000004035CB  Unknown               Unknown  Unknown
camb               0000000000401B1E  Unknown               Unknown  Unknown
camb               0000000000690FA9  Unknown               Unknown  Unknown
camb               0000000000401A09  Unknown               Unknown  Unknown
forrtl: error (78): process killed (SIGTERM)
Image              PC                Routine            Line        Source             
camb               00000000004B368E  Unknown               Unknown  Unknown
camb               000000000068FA80  Unknown               Unknown  Unknown
camb               000000000068F6E1  Unknown               Unknown  Unknown
camb               00000000004C9FC5  Unknown               Unknown  Unknown
camb               00000000004CAE9E  Unknown               Unknown  Unknown
camb               00000000004E9FCE  Unknown               Unknown  Unknown
camb               000000000045DD6C  Unknown               Unknown  Unknown
camb               00000000004035CB  Unknown               Unknown  Unknown
camb               0000000000401B1E  Unknown               Unknown  Unknown
camb               0000000000690FA9  Unknown               Unknown  Unknown
camb               0000000000401A09  Unknown               Unknown  Unknown
forrtl: error (78): process killed (SIGTERM)
Image              PC                Routine            Line        Source             
camb               00000000004B368E  Unknown               Unknown  Unknown
camb               000000000068FA80  Unknown               Unknown  Unknown
camb               000000000068F6E1  Unknown               Unknown  Unknown
camb               00000000004C9FC5  Unknown               Unknown  Unknown
camb               00000000004CAE9E  Unknown               Unknown  Unknown
camb               00000000004E9FCE  Unknown               Unknown  Unknown
camb               000000000045DD6C  Unknown               Unknown  Unknown
camb               00000000004035CB  Unknown               Unknown  Unknown
camb               0000000000401B1E  Unknown               Unknown  Unknown
camb               0000000000690FA9  Unknown               Unknown  Unknown
camb               0000000000401A09  Unknown               Unknown  Unknown
forrtl: error (78): process killed (SIGTERM)
Image              PC                Routine            Line        Source             
camb               00000000004B368E  Unknown               Unknown  Unknown
camb               000000000068FA80  Unknown               Unknown  Unknown
camb               000000000068F6E1  Unknown               Unknown  Unknown
camb               00000000004C9FC5  Unknown               Unknown  Unknown
camb               00000000004CAE9E  Unknown               Unknown  Unknown
camb               00000000004E9FCE  Unknown               Unknown  Unknown
camb               000000000045DD6C  Unknown               Unknown  Unknown
camb               00000000004035CB  Unknown               Unknown  Unknown
camb               0000000000401B1E  Unknown               Unknown  Unknown
camb               0000000000690FA9  Unknown               Unknown  Unknown
camb               0000000000401A09  Unknown               Unknown  Unknown
forrtl: error (78): process killed (SIGTERM)
Image              PC                Routine            Line        Source             
camb               00000000004B368E  Unknown               Unknown  Unknown
camb               000000000068FA80  Unknown               Unknown  Unknown
camb               000000000068F6E1  Unknown               Unknown  Unknown
camb               00000000004C9FC5  Unknown               Unknown  Unknown
camb               00000000004CAE9E  Unknown               Unknown  Unknown
camb               00000000004E9FCE  Unknown               Unknown  Unknown
camb               000000000045DD6C  Unknown               Unknown  Unknown
camb               00000000004035CB  Unknown               Unknown  Unknown
camb               0000000000401B1E  Unknown               Unknown  Unknown
camb               0000000000690FA9  Unknown               Unknown  Unknown
camb               0000000000401A09  Unknown               Unknown  Unknown
forrtl: error (78): process killed (SIGTERM)
Image              PC                Routine            Line        Source             
camb               00000000004B368E  Unknown               Unknown  Unknown
camb               000000000068FA80  Unknown               Unknown  Unknown
camb               000000000068F6E1  Unknown               Unknown  Unknown
camb               00000000004C9FC5  Unknown               Unknown  Unknown
camb               00000000004CAE9E  Unknown               Unknown  Unknown
camb               00000000004E9FCE  Unknown               Unknown  Unknown
camb               000000000045DD6C  Unknown               Unknown  Unknown
camb               00000000004035CB  Unknown               Unknown  Unknown
camb               0000000000401B1E  Unknown               Unknown  Unknown
camb               0000000000690FA9  Unknown               Unknown  Unknown
camb               0000000000401A09  Unknown               Unknown  Unknown
forrtl: error (78): process killed (SIGTERM)
Image              PC                Routine            Line        Source             
camb               00000000004B368E  Unknown               Unknown  Unknown
camb               000000000068FA80  Unknown               Unknown  Unknown
camb               000000000068F6E1  Unknown               Unknown  Unknown
camb               00000000004C9FC5  Unknown               Unknown  Unknown
camb               00000000004CAE9E  Unknown               Unknown  Unknown
camb               00000000004E9FCE  Unknown               Unknown  Unknown
camb               000000000045DD6C  Unknown               Unknown  Unknown
camb               00000000004035CB  Unknown               Unknown  Unknown
camb               0000000000401B1E  Unknown               Unknown  Unknown
camb               0000000000690FA9  Unknown               Unknown  Unknown
camb               0000000000401A09  Unknown               Unknown  Unknown
forrtl: error (78): process killed (SIGTERM)
Image              PC                Routine            Line        Source             
camb               00000000004B368E  Unknown               Unknown  Unknown
camb               000000000068FA80  Unknown               Unknown  Unknown
camb               000000000068F6E1  Unknown               Unknown  Unknown
camb               00000000004C9FC5  Unknown               Unknown  Unknown
camb               00000000004CAE9E  Unknown               Unknown  Unknown
camb               00000000004E9FCE  Unknown               Unknown  Unknown
camb               000000000045DD6C  Unknown               Unknown  Unknown
camb               00000000004035CB  Unknown               Unknown  Unknown
camb               0000000000401B1E  Unknown               Unknown  Unknown
camb               0000000000690FA9  Unknown               Unknown  Unknown
camb               0000000000401A09  Unknown               Unknown  Unknown
forrtl: error (78): process killed (SIGTERM)
Image              PC                Routine            Line        Source             
camb               00000000004B368E  Unknown               Unknown  Unknown
camb               000000000068FA80  Unknown               Unknown  Unknown
camb               000000000068F6E1  Unknown               Unknown  Unknown
camb               00000000004C9FC5  Unknown               Unknown  Unknown
camb               00000000004CAE9E  Unknown               Unknown  Unknown
camb               00000000004E9FCE  Unknown               Unknown  Unknown
camb               000000000045DD6C  Unknown               Unknown  Unknown
camb               00000000004035CB  Unknown               Unknown  Unknown
camb               0000000000401B1E  Unknown               Unknown  Unknown
camb               0000000000690FA9  Unknown               Unknown  Unknown
camb               0000000000401A09  Unknown               Unknown  Unknown
forrtl: error (78): process killed (SIGTERM)
Image              PC                Routine            Line        Source             
camb               00000000004B368E  Unknown               Unknown  Unknown
camb               000000000068FA80  Unknown               Unknown  Unknown
camb               000000000068F6E1  Unknown               Unknown  Unknown
camb               00000000004C9FC5  Unknown               Unknown  Unknown
camb               00000000004CAE9E  Unknown               Unknown  Unknown
camb               00000000004E9FCE  Unknown               Unknown  Unknown
camb               000000000045DD6C  Unknown               Unknown  Unknown
camb               00000000004035CB  Unknown               Unknown  Unknown
camb               0000000000401B1E  Unknown               Unknown  Unknown
camb               0000000000690FA9  Unknown               Unknown  Unknown
camb               0000000000401A09  Unknown               Unknown  Unknown
forrtl: error (78): process killed (SIGTERM)
Image              PC                Routine            Line        Source             
camb               00000000004B368E  Unknown               Unknown  Unknown
camb               000000000068FA80  Unknown               Unknown  Unknown
camb               000000000068F6E1  Unknown               Unknown  Unknown
camb               00000000004C9FC5  Unknown               Unknown  Unknown
camb               00000000004CAE9E  Unknown               Unknown  Unknown
camb               00000000004E9FCE  Unknown               Unknown  Unknown
camb               000000000045DD6C  Unknown               Unknown  Unknown
camb               00000000004035CB  Unknown               Unknown  Unknown
camb               0000000000401B1E  Unknown               Unknown  Unknown
camb               0000000000690FA9  Unknown               Unknown  Unknown
camb               0000000000401A09  Unknown               Unknown  Unknown
forrtl: error (78): process killed (SIGTERM)
Image              PC                Routine            Line        Source             
camb               00000000004B368E  Unknown               Unknown  Unknown
camb               000000000068FA80  Unknown               Unknown  Unknown
camb               000000000068F6E1  Unknown               Unknown  Unknown
camb               00000000004C9FC5  Unknown               Unknown  Unknown
camb               00000000004CAE9E  Unknown               Unknown  Unknown
camb               00000000004E9FCE  Unknown               Unknown  Unknown
camb               000000000045DD6C  Unknown               Unknown  Unknown
camb               00000000004035CB  Unknown               Unknown  Unknown
camb               0000000000401B1E  Unknown               Unknown  Unknown
camb               0000000000690FA9  Unknown               Unknown  Unknown
camb               0000000000401A09  Unknown               Unknown  Unknown
forrtl: error (78): process killed (SIGTERM)
Image              PC                Routine            Line        Source             
camb               00000000004B368E  Unknown               Unknown  Unknown
camb               000000000068FA80  Unknown               Unknown  Unknown
camb               000000000068F6E1  Unknown               Unknown  Unknown
camb               00000000004C9FC5  Unknown               Unknown  Unknown
camb               00000000004CAE9E  Unknown               Unknown  Unknown
camb               00000000004E9FCE  Unknown               Unknown  Unknown
camb               000000000045DD6C  Unknown               Unknown  Unknown
camb               00000000004035CB  Unknown               Unknown  Unknown
camb               0000000000401B1E  Unknown               Unknown  Unknown
camb               0000000000690FA9  Unknown               Unknown  Unknown
camb               0000000000401A09  Unknown               Unknown  Unknown
forrtl: error (78): process killed (SIGTERM)
Image              PC                Routine            Line        Source             
camb               00000000004B368E  Unknown               Unknown  Unknown
camb               000000000068FA80  Unknown               Unknown  Unknown
camb               000000000068F6E1  Unknown               Unknown  Unknown
camb               00000000004C9FC5  Unknown               Unknown  Unknown
camb               00000000004CAE9E  Unknown               Unknown  Unknown
camb               00000000004E9FCE  Unknown               Unknown  Unknown
camb               000000000045DD6C  Unknown               Unknown  Unknown
camb               00000000004035CB  Unknown               Unknown  Unknown
camb               0000000000401B1E  Unknown               Unknown  Unknown
camb               0000000000690FA9  Unknown               Unknown  Unknown
camb               0000000000401A09  Unknown               Unknown  Unknown
forrtl: error (78): process killed (SIGTERM)
Image              PC                Routine            Line        Source             
camb               00000000004B368E  Unknown               Unknown  Unknown
camb               000000000068FA80  Unknown               Unknown  Unknown
camb               000000000068F6E1  Unknown               Unknown  Unknown
camb               00000000004C9FC5  Unknown               Unknown  Unknown
camb               00000000004CAE9E  Unknown               Unknown  Unknown
camb               00000000004E9FCE  Unknown               Unknown  Unknown
camb               000000000045DD6C  Unknown               Unknown  Unknown
camb               00000000004035CB  Unknown               Unknown  Unknown
camb               0000000000401B1E  Unknown               Unknown  Unknown
camb               0000000000690FA9  Unknown               Unknown  Unknown
camb               0000000000401A09  Unknown               Unknown  Unknown
forrtl: error (78): process killed (SIGTERM)
Image              PC                Routine            Line        Source             
camb               00000000004B368E  Unknown               Unknown  Unknown
camb               000000000068FA80  Unknown               Unknown  Unknown
camb               000000000068F6E1  Unknown               Unknown  Unknown
camb               00000000004C9FC5  Unknown               Unknown  Unknown
camb               00000000004CAE9E  Unknown               Unknown  Unknown
camb               00000000004E9FCE  Unknown               Unknown  Unknown
camb               000000000045DD6C  Unknown               Unknown  Unknown
camb               00000000004035CB  Unknown               Unknown  Unknown
camb               0000000000401B1E  Unknown               Unknown  Unknown
camb               0000000000690FA9  Unknown               Unknown  Unknown
camb               0000000000401A09  Unknown               Unknown  Unknown
forrtl: error (78): process killed (SIGTERM)
Image              PC                Routine            Line        Source             
camb               00000000004B368E  Unknown               Unknown  Unknown
camb               000000000068FA80  Unknown               Unknown  Unknown
camb               000000000068F6E1  Unknown               Unknown  Unknown
camb               00000000004C9FC5  Unknown               Unknown  Unknown
camb               00000000004CAE9E  Unknown               Unknown  Unknown
camb               00000000004E9FCE  Unknown               Unknown  Unknown
camb               000000000045DD6C  Unknown               Unknown  Unknown
camb               00000000004035CB  Unknown               Unknown  Unknown
camb               0000000000401B1E  Unknown               Unknown  Unknown
camb               0000000000690FA9  Unknown               Unknown  Unknown
camb               0000000000401A09  Unknown               Unknown  Unknown
forrtl: error (78): process killed (SIGTERM)
Image              PC                Routine            Line        Source             
camb               00000000004B368E  Unknown               Unknown  Unknown
camb               000000000068FA80  Unknown               Unknown  Unknown
camb               000000000068F6E1  Unknown               Unknown  Unknown
camb               00000000004C9FC5  Unknown               Unknown  Unknown
camb               00000000004CAE9E  Unknown               Unknown  Unknown
camb               00000000004E9FCE  Unknown               Unknown  Unknown
camb               000000000045DD6C  Unknown               Unknown  Unknown
camb               00000000004035CB  Unknown               Unknown  Unknown
camb               0000000000401B1E  Unknown               Unknown  Unknown
camb               0000000000690FA9  Unknown               Unknown  Unknown
camb               0000000000401A09  Unknown               Unknown  Unknown
forrtl: error (78): process killed (SIGTERM)
Image              PC                Routine            Line        Source             
camb               00000000004B368E  Unknown               Unknown  Unknown
camb               000000000068FA80  Unknown               Unknown  Unknown
camb               000000000068F6E1  Unknown               Unknown  Unknown
camb               00000000004C9FC5  Unknown               Unknown  Unknown
camb               00000000004CAE9E  Unknown               Unknown  Unknown
camb               00000000004E9FCE  Unknown               Unknown  Unknown
camb               000000000045DD6C  Unknown               Unknown  Unknown
camb               00000000004035CB  Unknown               Unknown  Unknown
camb               0000000000401B1E  Unknown               Unknown  Unknown
camb               0000000000690FA9  Unknown               Unknown  Unknown
camb               0000000000401A09  Unknown               Unknown  Unknown
forrtl: error (78): process killed (SIGTERM)
Image              PC                Routine            Line        Source             
camb               00000000004B368E  Unknown               Unknown  Unknown
camb               000000000068FA80  Unknown               Unknown  Unknown
camb               000000000068F6E1  Unknown               Unknown  Unknown
camb               00000000004C9FC5  Unknown               Unknown  Unknown
camb               00000000004CAE9E  Unknown               Unknown  Unknown
camb               00000000004E9FCE  Unknown               Unknown  Unknown
camb               000000000045DD6C  Unknown               Unknown  Unknown
camb               00000000004035CB  Unknown               Unknown  Unknown
camb               0000000000401B1E  Unknown               Unknown  Unknown
camb               0000000000690FA9  Unknown               Unknown  Unknown
camb               0000000000401A09  Unknown               Unknown  Unknown
forrtl: error (78): process killed (SIGTERM)
Image              PC                Routine            Line        Source             
camb               00000000004B368E  Unknown               Unknown  Unknown
camb               000000000068FA80  Unknown               Unknown  Unknown
camb               000000000068F6E1  Unknown               Unknown  Unknown
camb               00000000004C9FC5  Unknown               Unknown  Unknown
camb               00000000004CAE9E  Unknown               Unknown  Unknown
camb               00000000004E9FCE  Unknown               Unknown  Unknown
camb               000000000045DD6C  Unknown               Unknown  Unknown
camb               00000000004035CB  Unknown               Unknown  Unknown
camb               0000000000401B1E  Unknown               Unknown  Unknown
camb               0000000000690FA9  Unknown               Unknown  Unknown
camb               0000000000401A09  Unknown               Unknown  Unknown
forrtl: error (78): process killed (SIGTERM)
Image              PC                Routine            Line        Source             
camb               00000000004B368E  Unknown               Unknown  Unknown
camb               000000000068FA80  Unknown               Unknown  Unknown
camb               000000000068F6E1  Unknown               Unknown  Unknown
camb               00000000004C9FC5  Unknown               Unknown  Unknown
camb               00000000004CAE9E  Unknown               Unknown  Unknown
camb               00000000004E9FCE  Unknown               Unknown  Unknown
camb               000000000045DD6C  Unknown               Unknown  Unknown
camb               00000000004035CB  Unknown               Unknown  Unknown
camb               0000000000401B1E  Unknown               Unknown  Unknown
camb               0000000000690FA9  Unknown               Unknown  Unknown
camb               0000000000401A09  Unknown               Unknown  Unknown
forrtl: error (78): process killed (SIGTERM)
Image              PC                Routine            Line        Source             
camb               00000000004B368E  Unknown               Unknown  Unknown
camb               000000000068FA80  Unknown               Unknown  Unknown
camb               000000000068F6E1  Unknown               Unknown  Unknown
camb               00000000004C9FC5  Unknown               Unknown  Unknown
camb               00000000004CAE9E  Unknown               Unknown  Unknown
camb               00000000004E9FCE  Unknown               Unknown  Unknown
camb               000000000045DD6C  Unknown               Unknown  Unknown
camb               00000000004035CB  Unknown               Unknown  Unknown
camb               0000000000401B1E  Unknown               Unknown  Unknown
camb               0000000000690FA9  Unknown               Unknown  Unknown
camb               0000000000401A09  Unknown               Unknown  Unknown
forrtl: error (78): process killed (SIGTERM)
Image              PC                Routine            Line        Source             
camb               00000000004B368E  Unknown               Unknown  Unknown
camb               000000000068FA80  Unknown               Unknown  Unknown
camb               000000000068F6E1  Unknown               Unknown  Unknown
camb               00000000004C9FC5  Unknown               Unknown  Unknown
camb               00000000004CAE9E  Unknown               Unknown  Unknown
camb               00000000004E9FCE  Unknown               Unknown  Unknown
camb               000000000045DD6C  Unknown               Unknown  Unknown
camb               00000000004035CB  Unknown               Unknown  Unknown
camb               0000000000401B1E  Unknown               Unknown  Unknown
camb               0000000000690FA9  Unknown               Unknown  Unknown
camb               0000000000401A09  Unknown               Unknown  Unknown
forrtl: error (78): process killed (SIGTERM)
Image              PC                Routine            Line        Source             
camb               00000000004B368E  Unknown               Unknown  Unknown
camb               000000000068FA80  Unknown               Unknown  Unknown
camb               000000000068F6E1  Unknown               Unknown  Unknown
camb               00000000004C9FC5  Unknown               Unknown  Unknown
camb               00000000004CAE9E  Unknown               Unknown  Unknown
camb               00000000004E9FCE  Unknown               Unknown  Unknown
camb               000000000045DD6C  Unknown               Unknown  Unknown
camb               00000000004035CB  Unknown               Unknown  Unknown
camb               0000000000401B1E  Unknown               Unknown  Unknown
camb               0000000000690FA9  Unknown               Unknown  Unknown
camb               0000000000401A09  Unknown               Unknown  Unknown
forrtl: error (78): process killed (SIGTERM)
Image              PC                Routine            Line        Source             
camb               00000000004B368E  Unknown               Unknown  Unknown
camb               000000000068FA80  Unknown               Unknown  Unknown
camb               000000000068F6E1  Unknown               Unknown  Unknown
camb               00000000004C9FC5  Unknown               Unknown  Unknown
camb               00000000004CAE9E  Unknown               Unknown  Unknown
camb               00000000004E9FCE  Unknown               Unknown  Unknown
camb               000000000045DD6C  Unknown               Unknown  Unknown
camb               00000000004035CB  Unknown               Unknown  Unknown
camb               0000000000401B1E  Unknown               Unknown  Unknown
camb               0000000000690FA9  Unknown               Unknown  Unknown
camb               0000000000401A09  Unknown               Unknown  Unknown
forrtl: error (78): process killed (SIGTERM)
Image              PC                Routine            Line        Source             
camb               00000000004B368E  Unknown               Unknown  Unknown
camb               000000000068FA80  Unknown               Unknown  Unknown
camb               000000000068F6E1  Unknown               Unknown  Unknown
camb               00000000004C9FC5  Unknown               Unknown  Unknown
camb               00000000004CAE9E  Unknown               Unknown  Unknown
camb               00000000004E9FCE  Unknown               Unknown  Unknown
camb               000000000045DD6C  Unknown               Unknown  Unknown
camb               00000000004035CB  Unknown               Unknown  Unknown
camb               0000000000401B1E  Unknown               Unknown  Unknown
camb               0000000000690FA9  Unknown               Unknown  Unknown
camb               0000000000401A09  Unknown               Unknown  Unknown
forrtl: error (78): process killed (SIGTERM)
Image              PC                Routine            Line        Source             
camb               00000000004B368E  Unknown               Unknown  Unknown
camb               000000000068FA80  Unknown               Unknown  Unknown
camb               000000000068F6E1  Unknown               Unknown  Unknown
camb               00000000004C9FC5  Unknown               Unknown  Unknown
camb               00000000004CAE9E  Unknown               Unknown  Unknown
camb               00000000004E9FCE  Unknown               Unknown  Unknown
camb               000000000045DD6C  Unknown               Unknown  Unknown
camb               00000000004035CB  Unknown               Unknown  Unknown
camb               0000000000401B1E  Unknown               Unknown  Unknown
camb               0000000000690FA9  Unknown               Unknown  Unknown
camb               0000000000401A09  Unknown               Unknown  Unknown
forrtl: error (78): process killed (SIGTERM)
Image              PC                Routine            Line        Source             
camb               00000000004B368E  Unknown               Unknown  Unknown
camb               000000000068FA80  Unknown               Unknown  Unknown
camb               000000000068F6E1  Unknown               Unknown  Unknown
camb               00000000004C9FC5  Unknown               Unknown  Unknown
camb               00000000004CAE9E  Unknown               Unknown  Unknown
camb               00000000004E9FCE  Unknown               Unknown  Unknown
camb               000000000045DD6C  Unknown               Unknown  Unknown
camb               00000000004035CB  Unknown               Unknown  Unknown
camb               0000000000401B1E  Unknown               Unknown  Unknown
camb               0000000000690FA9  Unknown               Unknown  Unknown
camb               0000000000401A09  Unknown               Unknown  Unknown
forrtl: error (78): process killed (SIGTERM)
Image              PC                Routine            Line        Source             
camb               00000000004B368E  Unknown               Unknown  Unknown
camb               000000000068FA80  Unknown               Unknown  Unknown
camb               000000000068F6E1  Unknown               Unknown  Unknown
camb               00000000004C9FC5  Unknown               Unknown  Unknown
camb               00000000004CAE9E  Unknown               Unknown  Unknown
camb               00000000004E9FCE  Unknown               Unknown  Unknown
camb               000000000045DD6C  Unknown               Unknown  Unknown
camb               00000000004035CB  Unknown               Unknown  Unknown
camb               0000000000401B1E  Unknown               Unknown  Unknown
camb               0000000000690FA9  Unknown               Unknown  Unknown
camb               0000000000401A09  Unknown               Unknown  Unknown
forrtl: error (78): process killed (SIGTERM)
Image              PC                Routine            Line        Source             
camb               00000000004B368E  Unknown               Unknown  Unknown
camb               000000000068FA80  Unknown               Unknown  Unknown
camb               000000000068F6E1  Unknown               Unknown  Unknown
camb               00000000004C9FC5  Unknown               Unknown  Unknown
camb               00000000004CAE9E  Unknown               Unknown  Unknown
camb               00000000004E9FCE  Unknown               Unknown  Unknown
camb               000000000045DD6C  Unknown               Unknown  Unknown
camb               00000000004035CB  Unknown               Unknown  Unknown
camb               0000000000401B1E  Unknown               Unknown  Unknown
camb               0000000000690FA9  Unknown               Unknown  Unknown
camb               0000000000401A09  Unknown               Unknown  Unknown
forrtl: error (78): process killed (SIGTERM)
Image              PC                Routine            Line        Source             
camb               00000000004B368E  Unknown               Unknown  Unknown
camb               000000000068FA80  Unknown               Unknown  Unknown
camb               000000000068F6E1  Unknown               Unknown  Unknown
camb               00000000004C9FC5  Unknown               Unknown  Unknown
camb               00000000004CAE9E  Unknown               Unknown  Unknown
camb               00000000004E9FCE  Unknown               Unknown  Unknown
camb               000000000045DD6C  Unknown               Unknown  Unknown
camb               00000000004035CB  Unknown               Unknown  Unknown
camb               0000000000401B1E  Unknown               Unknown  Unknown
camb               0000000000690FA9  Unknown               Unknown  Unknown
camb               0000000000401A09  Unknown               Unknown  Unknown
forrtl: error (78): process killed (SIGTERM)
Image              PC                Routine            Line        Source             
camb               00000000004B368E  Unknown               Unknown  Unknown
camb               000000000068FA80  Unknown               Unknown  Unknown
camb               000000000068F6E1  Unknown               Unknown  Unknown
camb               00000000004C9FC5  Unknown               Unknown  Unknown
camb               00000000004CAE9E  Unknown               Unknown  Unknown
camb               00000000004E9FCE  Unknown               Unknown  Unknown
camb               000000000045DD6C  Unknown               Unknown  Unknown
camb               00000000004035CB  Unknown               Unknown  Unknown
camb               0000000000401B1E  Unknown               Unknown  Unknown
camb               0000000000690FA9  Unknown               Unknown  Unknown
camb               0000000000401A09  Unknown               Unknown  Unknown
forrtl: error (78): process killed (SIGTERM)
Image              PC                Routine            Line        Source             
camb               00000000004B368E  Unknown               Unknown  Unknown
camb               000000000068FA80  Unknown               Unknown  Unknown
camb               000000000068F6E1  Unknown               Unknown  Unknown
camb               00000000004C9FC5  Unknown               Unknown  Unknown
camb               00000000004CAE9E  Unknown               Unknown  Unknown
camb               00000000004E9FCE  Unknown               Unknown  Unknown
camb               000000000045DD6C  Unknown               Unknown  Unknown
camb               00000000004035CB  Unknown               Unknown  Unknown
camb               0000000000401B1E  Unknown               Unknown  Unknown
camb               0000000000690FA9  Unknown               Unknown  Unknown
camb               0000000000401A09  Unknown               Unknown  Unknown
forrtl: error (78): process killed (SIGTERM)
Image              PC                Routine            Line        Source             
camb               00000000004B368E  Unknown               Unknown  Unknown
camb               000000000068FA80  Unknown               Unknown  Unknown
camb               000000000068F6E1  Unknown               Unknown  Unknown
camb               00000000004C9FC5  Unknown               Unknown  Unknown
camb               00000000004CAE9E  Unknown               Unknown  Unknown
camb               00000000004E9FCE  Unknown               Unknown  Unknown
camb               000000000045DD6C  Unknown               Unknown  Unknown
camb               00000000004035CB  Unknown               Unknown  Unknown
camb               0000000000401B1E  Unknown               Unknown  Unknown
camb               0000000000690FA9  Unknown               Unknown  Unknown
camb               0000000000401A09  Unknown               Unknown  Unknown
forrtl: error (78): process killed (SIGTERM)
Image              PC                Routine            Line        Source             
camb               00000000004B368E  Unknown               Unknown  Unknown
camb               000000000068FA80  Unknown               Unknown  Unknown
camb               000000000068F6E1  Unknown               Unknown  Unknown
camb               00000000004C9FC5  Unknown               Unknown  Unknown
camb               00000000004CAE9E  Unknown               Unknown  Unknown
camb               00000000004E9FCE  Unknown               Unknown  Unknown
camb               000000000045DD6C  Unknown               Unknown  Unknown
camb               00000000004035CB  Unknown               Unknown  Unknown
camb               0000000000401B1E  Unknown               Unknown  Unknown
camb               0000000000690FA9  Unknown               Unknown  Unknown
camb               0000000000401A09  Unknown               Unknown  Unknown
forrtl: error (78): process killed (SIGTERM)
Image              PC                Routine            Line        Source             
camb               00000000004B368E  Unknown               Unknown  Unknown
camb               000000000068FA80  Unknown               Unknown  Unknown
camb               000000000068F6E1  Unknown               Unknown  Unknown
camb               00000000004C9FC5  Unknown               Unknown  Unknown
camb               00000000004CAE9E  Unknown               Unknown  Unknown
camb               00000000004E9FCE  Unknown               Unknown  Unknown
camb               000000000045DD6C  Unknown               Unknown  Unknown
camb               00000000004035CB  Unknown               Unknown  Unknown
camb               0000000000401B1E  Unknown               Unknown  Unknown
camb               0000000000690FA9  Unknown               Unknown  Unknown
camb               0000000000401A09  Unknown               Unknown  Unknown
forrtl: error (78): process killed (SIGTERM)
Image              PC                Routine            Line        Source             
camb               00000000004B368E  Unknown               Unknown  Unknown
camb               000000000068FA80  Unknown               Unknown  Unknown
camb               000000000068F6E1  Unknown               Unknown  Unknown
camb               00000000004C9FC5  Unknown               Unknown  Unknown
camb               00000000004CAE9E  Unknown               Unknown  Unknown
camb               00000000004E9FCE  Unknown               Unknown  Unknown
camb               000000000045DD6C  Unknown               Unknown  Unknown
camb               00000000004035CB  Unknown               Unknown  Unknown
camb               0000000000401B1E  Unknown               Unknown  Unknown
camb               0000000000690FA9  Unknown               Unknown  Unknown
camb               0000000000401A09  Unknown               Unknown  Unknown
forrtl: error (78): process killed (SIGTERM)
Image              PC                Routine            Line        Source             
camb               00000000004B368E  Unknown               Unknown  Unknown
camb               000000000068FA80  Unknown               Unknown  Unknown
camb               000000000068F6E1  Unknown               Unknown  Unknown
camb               00000000004C9FC5  Unknown               Unknown  Unknown
camb               00000000004CAE9E  Unknown               Unknown  Unknown
camb               00000000004E9FCE  Unknown               Unknown  Unknown
camb               000000000045DD6C  Unknown               Unknown  Unknown
camb               00000000004035CB  Unknown               Unknown  Unknown
camb               0000000000401B1E  Unknown               Unknown  Unknown
camb               0000000000690FA9  Unknown               Unknown  Unknown
camb               0000000000401A09  Unknown               Unknown  Unknown
forrtl: error (78): process killed (SIGTERM)
Image              PC                Routine            Line        Source             
camb               00000000004B368E  Unknown               Unknown  Unknown
camb               000000000068FA80  Unknown               Unknown  Unknown
camb               000000000068F6E1  Unknown               Unknown  Unknown
camb               00000000004C9FC5  Unknown               Unknown  Unknown
camb               00000000004CAE9E  Unknown               Unknown  Unknown
camb               00000000004E9FCE  Unknown               Unknown  Unknown
camb               000000000045DD6C  Unknown               Unknown  Unknown
camb               00000000004035CB  Unknown               Unknown  Unknown
camb               0000000000401B1E  Unknown               Unknown  Unknown
camb               0000000000690FA9  Unknown               Unknown  Unknown
camb               0000000000401A09  Unknown               Unknown  Unknown
forrtl: error (78): process killed (SIGTERM)
Image              PC                Routine            Line        Source             
camb               00000000004B368E  Unknown               Unknown  Unknown
camb               000000000068FA80  Unknown               Unknown  Unknown
camb               000000000068F6E1  Unknown               Unknown  Unknown
camb               00000000004C9FC5  Unknown               Unknown  Unknown
camb               00000000004CAE9E  Unknown               Unknown  Unknown
camb               00000000004E9FCE  Unknown               Unknown  Unknown
camb               000000000045DD6C  Unknown               Unknown  Unknown
camb               00000000004035CB  Unknown               Unknown  Unknown
camb               0000000000401B1E  Unknown               Unknown  Unknown
camb               0000000000690FA9  Unknown               Unknown  Unknown
camb               0000000000401A09  Unknown               Unknown  Unknown
forrtl: error (78): process killed (SIGTERM)
Image              PC                Routine            Line        Source             
camb               00000000004B368E  Unknown               Unknown  Unknown
camb               000000000068FA80  Unknown               Unknown  Unknown
camb               000000000068F6E1  Unknown               Unknown  Unknown
camb               00000000004C9FC5  Unknown               Unknown  Unknown
camb               00000000004CAE9E  Unknown               Unknown  Unknown
camb               00000000004E9FCE  Unknown               Unknown  Unknown
camb               000000000045DD6C  Unknown               Unknown  Unknown
camb               00000000004035CB  Unknown               Unknown  Unknown
camb               0000000000401B1E  Unknown               Unknown  Unknown
camb               0000000000690FA9  Unknown               Unknown  Unknown
camb               0000000000401A09  Unknown               Unknown  Unknown
forrtl: error (78): process killed (SIGTERM)
Image              PC                Routine            Line        Source             
camb               00000000004B368E  Unknown               Unknown  Unknown
camb               000000000068FA80  Unknown               Unknown  Unknown
camb               000000000068F6E1  Unknown               Unknown  Unknown
camb               00000000004C9FC5  Unknown               Unknown  Unknown
camb               00000000004CAE9E  Unknown               Unknown  Unknown
camb               00000000004E9FCE  Unknown               Unknown  Unknown
camb               000000000045DD6C  Unknown               Unknown  Unknown
camb               00000000004035CB  Unknown               Unknown  Unknown
camb               0000000000401B1E  Unknown               Unknown  Unknown
camb               0000000000690FA9  Unknown               Unknown  Unknown
camb               0000000000401A09  Unknown               Unknown  Unknown
forrtl: error (78): process killed (SIGTERM)
Image              PC                Routine            Line        Source             
camb               00000000004B368E  Unknown               Unknown  Unknown
camb               000000000068FA80  Unknown               Unknown  Unknown
camb               000000000068F6E1  Unknown               Unknown  Unknown
camb               00000000004C9FC5  Unknown               Unknown  Unknown
camb               00000000004CAE9E  Unknown               Unknown  Unknown
camb               00000000004E9FCE  Unknown               Unknown  Unknown
camb               000000000045DD6C  Unknown               Unknown  Unknown
camb               00000000004035CB  Unknown               Unknown  Unknown
camb               0000000000401B1E  Unknown               Unknown  Unknown
camb               0000000000690FA9  Unknown               Unknown  Unknown
camb               0000000000401A09  Unknown               Unknown  Unknown
forrtl: error (78): process killed (SIGTERM)
Image              PC                Routine            Line        Source             
camb               00000000004B368E  Unknown               Unknown  Unknown
camb               000000000068FA80  Unknown               Unknown  Unknown
camb               000000000068F6E1  Unknown               Unknown  Unknown
camb               00000000004C9FC5  Unknown               Unknown  Unknown
camb               00000000004CAE9E  Unknown               Unknown  Unknown
camb               00000000004E9FCE  Unknown               Unknown  Unknown
camb               000000000045DD6C  Unknown               Unknown  Unknown
camb               00000000004035CB  Unknown               Unknown  Unknown
camb               0000000000401B1E  Unknown               Unknown  Unknown
camb               0000000000690FA9  Unknown               Unknown  Unknown
camb               0000000000401A09  Unknown               Unknown  Unknown
forrtl: error (78): process killed (SIGTERM)
Image              PC                Routine            Line        Source             
camb               00000000004B368E  Unknown               Unknown  Unknown
camb               000000000068FA80  Unknown               Unknown  Unknown
camb               000000000068F6E1  Unknown               Unknown  Unknown
camb               00000000004C9FC5  Unknown               Unknown  Unknown
camb               00000000004CAE9E  Unknown               Unknown  Unknown
camb               00000000004E9FCE  Unknown               Unknown  Unknown
camb               000000000045DD6C  Unknown               Unknown  Unknown
camb               00000000004035CB  Unknown               Unknown  Unknown
camb               0000000000401B1E  Unknown               Unknown  Unknown
camb               0000000000690FA9  Unknown               Unknown  Unknown
camb               0000000000401A09  Unknown               Unknown  Unknown
forrtl: error (78): process killed (SIGTERM)
Image              PC                Routine            Line        Source             
camb               00000000004B368E  Unknown               Unknown  Unknown
camb               000000000068FA80  Unknown               Unknown  Unknown
camb               000000000068F6E1  Unknown               Unknown  Unknown
camb               00000000004C9FC5  Unknown               Unknown  Unknown
camb               00000000004CAE9E  Unknown               Unknown  Unknown
camb               00000000004E9FCE  Unknown               Unknown  Unknown
camb               000000000045DD6C  Unknown               Unknown  Unknown
camb               00000000004035CB  Unknown               Unknown  Unknown
camb               0000000000401B1E  Unknown               Unknown  Unknown
camb               0000000000690FA9  Unknown               Unknown  Unknown
camb               0000000000401A09  Unknown               Unknown  Unknown
forrtl: error (78): process killed (SIGTERM)
Image              PC                Routine            Line        Source             
camb               00000000004B368E  Unknown               Unknown  Unknown
camb               000000000068FA80  Unknown               Unknown  Unknown
camb               000000000068F6E1  Unknown               Unknown  Unknown
camb               00000000004C9FC5  Unknown               Unknown  Unknown
camb               00000000004CAE9E  Unknown               Unknown  Unknown
camb               00000000004E9FCE  Unknown               Unknown  Unknown
camb               000000000045DD6C  Unknown               Unknown  Unknown
camb               00000000004035CB  Unknown               Unknown  Unknown
camb               0000000000401B1E  Unknown               Unknown  Unknown
camb               0000000000690FA9  Unknown               Unknown  Unknown
camb               0000000000401A09  Unknown               Unknown  Unknown
forrtl: error (78): process killed (SIGTERM)
Image              PC                Routine            Line        Source             
camb               00000000004B368E  Unknown               Unknown  Unknown
camb               000000000068FA80  Unknown               Unknown  Unknown
camb               000000000068F6E1  Unknown               Unknown  Unknown
camb               00000000004C9FC5  Unknown               Unknown  Unknown
camb               00000000004CAE9E  Unknown               Unknown  Unknown
camb               00000000004E9FCE  Unknown               Unknown  Unknown
camb               000000000045DD6C  Unknown               Unknown  Unknown
camb               00000000004035CB  Unknown               Unknown  Unknown
camb               0000000000401B1E  Unknown               Unknown  Unknown
camb               0000000000690FA9  Unknown               Unknown  Unknown
camb               0000000000401A09  Unknown               Unknown  Unknown
srun: error: nid00715: tasks 32,34-36,39-45,47,49-58,60-62: Terminated
srun: error: nid00715: tasks 59,63: Segmentation fault
srun: error: nid00703: tasks 0-5,7-28,30: Terminated
srun: Force Terminated job step 13391334.0
